Build started at 2024-05-01T15:07:40.409840
Main binary: /usr/bin/python3
Build Options: -Daudio_drv_list=default -Ddefault_devices=true -Ddocdir=/usr/local/share/doc -Diasl= -Dqemu_firmwarepath=/usr/local/share/qemu-firmware -Dqemu_suffix=qemu -Dsmbd= -Dsphinx_build= -Dtrace_file=trace -Doptimization=2 -Ddebug=true -Dwerror=false -Db_pie=true -Db_coverage=false -Db_lto=false -Dcfi=false -Dtcg=enabled -Dxen=enabled -Dcapstone=auto -Dfdt=auto -Dslirp=auto -Dkvm=enabled -Dlinux_aio=enabled -Dtrace_backends=log -Dgtk=disabled -Dprefix=/usr/local -Dbindir=/usr/local/bin -Ddatadir=/usr/local/share -Dincludedir=/usr/local/include -Dlibdir=/usr/local/lib -Dlibexecdir=/usr/local/libexec -Dlocaledir=/usr/local/share/locale -Dlocalstatedir=/usr/local/var -Dmandir=/usr/local/share/man -Dsysconfdir=/usr/local/etc '--native-file config-meson.cross'
Python system: Linux
The Meson build system
Version: 0.61.2
Source dir: /home/krijn/opt/ConfZNSplusplus
Build dir: /home/krijn/opt/ConfZNSplusplus/build
Build type: native build
Project name: qemu
Project version: 7.0.0
Sanity testing C compiler: cc -m64 -mcx16
Is cross compiler: False.
Sanity check compiler command line: cc -m64 -mcx16 sanitycheckc.c -o sanitycheckc.exe -D_FILE_OFFSET_BITS=64
Sanity check compile stdout:

-----
Sanity check compile stderr:

-----
Running test binary command: /home/krijn/opt/ConfZNSplusplus/build/meson-private/sanitycheckc.exe
C compiler for the host machine: cc -m64 -mcx16 (gcc 11.4.0 "cc (Ubuntu 11.4.0-1ubuntu1~22.04) 11.4.0")
C linker for the host machine: cc -m64 -mcx16 ld.bfd 2.38
Sanity testing C compiler: cc -m64 -mcx16
Is cross compiler: False.
Sanity check compiler command line: cc -m64 -mcx16 sanitycheckc.c -o sanitycheckc.exe -D_FILE_OFFSET_BITS=64
Sanity check compile stdout:

-----
Sanity check compile stderr:

-----
Running test binary command: /home/krijn/opt/ConfZNSplusplus/build/meson-private/sanitycheckc.exe
C compiler for the build machine: cc -m64 -mcx16 (gcc 11.4.0 "cc (Ubuntu 11.4.0-1ubuntu1~22.04) 11.4.0")
C linker for the build machine: cc -m64 -mcx16 ld.bfd 2.38
Build machine cpu family: x86_64
Build machine cpu: x86_64
Host machine cpu family: x86_64
Host machine cpu: x86_64
Target machine cpu family: x86_64
Target machine cpu: x86_64
Program sh found: YES (/usr/bin/sh)
Program python3 found: YES (/usr/bin/python3)
WARNING: Python files installed by Meson might not be found by python interpreter.
 This warning can be avoided by setting "python.platlibdir" option.
WARNING: Python files installed by Meson might not be found by python interpreter.
 This warning can be avoided by setting "python.purelibdir" option.
Program bzip2 found: YES (/usr/bin/bzip2)
Sanity testing C++ compiler: c++ -m64 -mcx16
Is cross compiler: False.
Sanity check compiler command line: c++ -m64 -mcx16 sanitycheckcpp.cc -o sanitycheckcpp.exe -D_FILE_OFFSET_BITS=64
Sanity check compile stdout:

-----
Sanity check compile stderr:

-----
Running test binary command: /home/krijn/opt/ConfZNSplusplus/build/meson-private/sanitycheckcpp.exe
C++ compiler for the host machine: c++ -m64 -mcx16 (gcc 11.4.0 "c++ (Ubuntu 11.4.0-1ubuntu1~22.04) 11.4.0")
C++ linker for the host machine: c++ -m64 -mcx16 ld.bfd 2.38
Program cgcc found: NO
Running compile:
Working directory:  /home/krijn/opt/ConfZNSplusplus/build/meson-private/tmpqnn_yiae
Command line:  cc -m64 -mcx16 /home/krijn/opt/ConfZNSplusplus/build/meson-private/tmpqnn_yiae/testfile.c -o /home/krijn/opt/ConfZNSplusplus/build/meson-private/tmpqnn_yiae/output.exe -D_FILE_OFFSET_BITS=64 -O0 -Wl,--start-group -lm -Wl,--end-group -Wl,--allow-shlib-undefined 

Code:
 int main(void) { return 0; }

Compiler stdout:
 
Compiler stderr:
 
Library m found: YES
Run-time dependency threads found: YES
Running compile:
Working directory:  /home/krijn/opt/ConfZNSplusplus/build/meson-private/tmpubyx3nqz
Command line:  cc -m64 -mcx16 /home/krijn/opt/ConfZNSplusplus/build/meson-private/tmpubyx3nqz/testfile.c -o /home/krijn/opt/ConfZNSplusplus/build/meson-private/tmpubyx3nqz/output.exe -D_FILE_OFFSET_BITS=64 -O0 -Wl,--start-group -lutil -Wl,--end-group -Wl,--allow-shlib-undefined 

Code:
 int main(void) { return 0; }

Compiler stdout:
 
Compiler stderr:
 
Library util found: YES
Running compile:
Working directory:  /home/krijn/opt/ConfZNSplusplus/build/meson-private/tmpm4cws0t3
Command line:  c++ -m64 -mcx16 /home/krijn/opt/ConfZNSplusplus/build/meson-private/tmpm4cws0t3/testfile.cpp -o /home/krijn/opt/ConfZNSplusplus/build/meson-private/tmpm4cws0t3/output.exe -D_FILE_OFFSET_BITS=64 -O0 -fpermissive -framework Hypervisor 

Code:
 int main(void) { return 0; }
Compiler stdout:
 
Compiler stderr:
 c++: error: unrecognized command-line option '-framework'

Run-time dependency appleframeworks found: NO (tried framework)
Pkg-config binary for 1 is not cached.
Pkg-config binary for 1 specified from cross file, native file, or env var as ['pkg-config']
Found pkg-config: /usr/bin/pkg-config (0.29.2)
Determining dependency 'pixman-1' with pkg-config executable '/usr/bin/pkg-config'
env[PKG_CONFIG_PATH]: 
Called `/usr/bin/pkg-config --modversion pixman-1` -> 0
0.40.0
env[PKG_CONFIG_PATH]: 
Called `/usr/bin/pkg-config --cflags pixman-1` -> 0
-I/usr/include/pixman-1
env[PKG_CONFIG_ALLOW_SYSTEM_LIBS]: 1
env[PKG_CONFIG_PATH]: 
Called `/usr/bin/pkg-config --libs pixman-1` -> 0
-L/usr/lib/x86_64-linux-gnu -lpixman-1
env[PKG_CONFIG_PATH]: 
Called `/usr/bin/pkg-config --libs pixman-1` -> 0
-lpixman-1
Running compile:
Working directory:  /home/krijn/opt/ConfZNSplusplus/build/meson-private/tmpkg0_ie1w
Command line:  c++ -m64 -mcx16 /home/krijn/opt/ConfZNSplusplus/build/meson-private/tmpkg0_ie1w/testfile.cpp -o /home/krijn/opt/ConfZNSplusplus/build/meson-private/tmpkg0_ie1w/output.exe -D_FILE_OFFSET_BITS=64 -O0 -fpermissive 

Code:
 #include<stdio.h>
        
        int main(void) {
            printf("%ld\n", (long)(sizeof(void *)));
            return 0;
        }
Compiler stdout:
 
Compiler stderr:
 
Program stdout:

8

Program stderr:


Running compile:
Working directory:  /home/krijn/opt/ConfZNSplusplus/build/meson-private/tmptxt513b8
Command line:  c++ -m64 -mcx16 /home/krijn/opt/ConfZNSplusplus/build/meson-private/tmptxt513b8/testfile.cpp -o /home/krijn/opt/ConfZNSplusplus/build/meson-private/tmptxt513b8/output.obj -c -D_FILE_OFFSET_BITS=64 -O0 -fpermissive --print-search-dirs 

Code:
 
Compiler stdout:
 install: /usr/lib/gcc/x86_64-linux-gnu/11/
programs: =/usr/lib/gcc/x86_64-linux-gnu/11/:/usr/lib/gcc/x86_64-linux-gnu/11/:/usr/lib/gcc/x86_64-linux-gnu/:/usr/lib/gcc/x86_64-linux-gnu/11/:/usr/lib/gcc/x86_64-linux-gnu/:/usr/lib/gcc/x86_64-linux-gnu/11/../../../../x86_64-linux-gnu/bin/x86_64-linux-gnu/11/:/usr/lib/gcc/x86_64-linux-gnu/11/../../../../x86_64-linux-gnu/bin/x86_64-linux-gnu/:/usr/lib/gcc/x86_64-linux-gnu/11/../../../../x86_64-linux-gnu/bin/
libraries: =/usr/lib/gcc/x86_64-linux-gnu/11/:/usr/lib/gcc/x86_64-linux-gnu/11/../../../../x86_64-linux-gnu/lib/x86_64-linux-gnu/11/:/usr/lib/gcc/x86_64-linux-gnu/11/../../../../x86_64-linux-gnu/lib/x86_64-linux-gnu/:/usr/lib/gcc/x86_64-linux-gnu/11/../../../../x86_64-linux-gnu/lib/../lib/:/usr/lib/gcc/x86_64-linux-gnu/11/../../../x86_64-linux-gnu/11/:/usr/lib/gcc/x86_64-linux-gnu/11/../../../x86_64-linux-gnu/:/usr/lib/gcc/x86_64-linux-gnu/11/../../../../lib/:/lib/x86_64-linux-gnu/11/:/lib/x86_64-linux-gnu/:/lib/../lib/:/usr/lib/x86_64-linux-gnu/11/:/usr/lib/x86_64-linux-gnu/:/usr/lib/../lib/:/usr/lib/gcc/x86_64-linux-gnu/11/../../../../x86_64-linux-gnu/lib/:/usr/lib/gcc/x86_64-linux-gnu/11/../../../:/lib/:/usr/lib/

Compiler stderr:
 
Run-time dependency pixman-1 found: YES 0.40.0
Pkg-config binary for 1 is cached.
Determining dependency 'zlib' with pkg-config executable '/usr/bin/pkg-config'
env[PKG_CONFIG_PATH]: 
Called `/usr/bin/pkg-config --modversion zlib` -> 0
1.2.11
env[PKG_CONFIG_PATH]: 
Called `/usr/bin/pkg-config --cflags zlib` -> 0

env[PKG_CONFIG_ALLOW_SYSTEM_LIBS]: 1
env[PKG_CONFIG_PATH]: 
Called `/usr/bin/pkg-config --libs zlib` -> 0
-L/usr/lib/x86_64-linux-gnu -lz
env[PKG_CONFIG_PATH]: 
Called `/usr/bin/pkg-config --libs zlib` -> 0
-lz
Run-time dependency zlib found: YES 1.2.11
Running compile:
Working directory:  /home/krijn/opt/ConfZNSplusplus/build/meson-private/tmpaaz_m5r6
Command line:  cc -m64 -mcx16 /home/krijn/opt/ConfZNSplusplus/build/meson-private/tmpaaz_m5r6/testfile.c -E -P -D_FILE_OFFSET_BITS=64 -P -O0 -std=gnu11 

Code:
 
        #ifdef __has_include
         #if !__has_include("libaio.h")
          #error "Header 'libaio.h' could not be found"
         #endif
        #else
         #include <libaio.h>
        #endif
Compiler stdout:
 
Compiler stderr:
 
Has header "libaio.h" : YES 
Running compile:
Working directory:  /home/krijn/opt/ConfZNSplusplus/build/meson-private/tmpkzls3jzq
Command line:  cc -m64 -mcx16 /home/krijn/opt/ConfZNSplusplus/build/meson-private/tmpkzls3jzq/testfile.c -o /home/krijn/opt/ConfZNSplusplus/build/meson-private/tmpkzls3jzq/output.exe -D_FILE_OFFSET_BITS=64 -O0 -Wl,--start-group -laio -Wl,--end-group -Wl,--allow-shlib-undefined 

Code:
 int main(void) { return 0; }

Compiler stdout:
 
Compiler stderr:
 
Library aio found: YES
Pkg-config binary for 1 is cached.
Determining dependency 'liburing' with pkg-config executable '/usr/bin/pkg-config'
env[PKG_CONFIG_PATH]: 
Called `/usr/bin/pkg-config --modversion liburing` -> 0
2.5
env[PKG_CONFIG_PATH]: 
Called `/usr/bin/pkg-config --cflags liburing` -> 0

env[PKG_CONFIG_ALLOW_SYSTEM_LIBS]: 1
env[PKG_CONFIG_PATH]: 
Called `/usr/bin/pkg-config --libs liburing` -> 0
-L/usr/lib -luring
env[PKG_CONFIG_PATH]: 
Called `/usr/bin/pkg-config --libs liburing` -> 0
-luring
Run-time dependency liburing found: YES 2.5
Pkg-config binary for 1 is cached.
Determining dependency 'libnfs' with pkg-config executable '/usr/bin/pkg-config'
env[PKG_CONFIG_PATH]: 
Called `/usr/bin/pkg-config --modversion libnfs` -> 0
4.0.0
env[PKG_CONFIG_PATH]: 
Called `/usr/bin/pkg-config --cflags libnfs` -> 0

env[PKG_CONFIG_ALLOW_SYSTEM_LIBS]: 1
env[PKG_CONFIG_PATH]: 
Called `/usr/bin/pkg-config --libs libnfs` -> 0
-L/usr/lib/x86_64-linux-gnu -lnfs
env[PKG_CONFIG_PATH]: 
Called `/usr/bin/pkg-config --libs libnfs` -> 0
-lnfs
Run-time dependency libnfs found: YES 4.0.0
Running compile:
Working directory:  /home/krijn/opt/ConfZNSplusplus/build/meson-private/tmp2he6pjq8
Command line:  cc -m64 -mcx16 /home/krijn/opt/ConfZNSplusplus/build/meson-private/tmp2he6pjq8/testfile.c -o /home/krijn/opt/ConfZNSplusplus/build/meson-private/tmp2he6pjq8/output.exe -D_FILE_OFFSET_BITS=64 -O0 -std=gnu11 

Code:
 
  #include <stddef.h>
  #include <sys/types.h>
  #ifdef CONFIG_LIBATTR
  #include <attr/xattr.h>
  #else
  #include <sys/xattr.h>
  #endif
  int main(void) { getxattr(NULL, NULL, NULL, 0); setxattr(NULL, NULL, NULL, 0, 0); return 0; }
Compiler stdout:
 
Compiler stderr:
 
Running compile:
Working directory:  /home/krijn/opt/ConfZNSplusplus/build/meson-private/tmpayok6q7m
Command line:  c++ -m64 -mcx16 /home/krijn/opt/ConfZNSplusplus/build/meson-private/tmpayok6q7m/testfile.cpp -o /home/krijn/opt/ConfZNSplusplus/build/meson-private/tmpayok6q7m/output.exe -D_FILE_OFFSET_BITS=64 -O0 -fpermissive -framework Cocoa 

Code:
 int main(void) { return 0; }
Compiler stdout:
 
Compiler stderr:
 c++: error: unrecognized command-line option '-framework'

Run-time dependency appleframeworks found: NO (tried framework)
Pkg-config binary for 1 is cached.
Determining dependency 'libseccomp' with pkg-config executable '/usr/bin/pkg-config'
env[PKG_CONFIG_PATH]: 
Called `/usr/bin/pkg-config --modversion libseccomp` -> 1

Run-time dependency libseccomp found: NO (tried pkgconfig)
Running compile:
Working directory:  /home/krijn/opt/ConfZNSplusplus/build/meson-private/tmp4xjjdotm
Command line:  cc -m64 -mcx16 /home/krijn/opt/ConfZNSplusplus/build/meson-private/tmp4xjjdotm/testfile.c -E -P -D_FILE_OFFSET_BITS=64 -P -O0 -std=gnu11 

Code:
 
        #ifdef __has_include
         #if !__has_include("cap-ng.h")
          #error "Header 'cap-ng.h' could not be found"
         #endif
        #else
         #include <cap-ng.h>
        #endif
Compiler stdout:
 
Compiler stderr:
 
Has header "cap-ng.h" : YES 
Running compile:
Working directory:  /home/krijn/opt/ConfZNSplusplus/build/meson-private/tmptq5zjx2n
Command line:  cc -m64 -mcx16 /home/krijn/opt/ConfZNSplusplus/build/meson-private/tmptq5zjx2n/testfile.c -o /home/krijn/opt/ConfZNSplusplus/build/meson-private/tmptq5zjx2n/output.exe -D_FILE_OFFSET_BITS=64 -O0 -Wl,--start-group -lcap-ng -Wl,--end-group -Wl,--allow-shlib-undefined 

Code:
 int main(void) { return 0; }

Compiler stdout:
 
Compiler stderr:
 
Library cap-ng found: YES
Running compile:
Working directory:  /home/krijn/opt/ConfZNSplusplus/build/meson-private/tmpouuftzqz
Command line:  cc -m64 -mcx16 /home/krijn/opt/ConfZNSplusplus/build/meson-private/tmpouuftzqz/testfile.c -o /home/krijn/opt/ConfZNSplusplus/build/meson-private/tmpouuftzqz/output.exe -D_FILE_OFFSET_BITS=64 -O0 -std=gnu11 -Wl,--start-group -lcap-ng -Wl,--end-group 

Code:
 
   #include <cap-ng.h>
   int main(void)
   {
     capng_capability_to_name(CAPNG_EFFECTIVE);
     return 0;
   }
Compiler stdout:
 
Compiler stderr:
 
Pkg-config binary for 1 is cached.
Determining dependency 'xkbcommon' with pkg-config executable '/usr/bin/pkg-config'
env[PKG_CONFIG_PATH]: 
Called `/usr/bin/pkg-config --modversion xkbcommon` -> 0
1.4.0
env[PKG_CONFIG_PATH]: 
Called `/usr/bin/pkg-config --cflags xkbcommon` -> 0

env[PKG_CONFIG_ALLOW_SYSTEM_LIBS]: 1
env[PKG_CONFIG_PATH]: 
Called `/usr/bin/pkg-config --libs xkbcommon` -> 0
-L/usr/lib/x86_64-linux-gnu -lxkbcommon
env[PKG_CONFIG_PATH]: 
Called `/usr/bin/pkg-config --libs xkbcommon` -> 0
-lxkbcommon
Run-time dependency xkbcommon found: YES 1.4.0
Running compile:
Working directory:  /home/krijn/opt/ConfZNSplusplus/build/meson-private/tmpdvfqxzkx
Command line:  cc -m64 -mcx16 /home/krijn/opt/ConfZNSplusplus/build/meson-private/tmpdvfqxzkx/testfile.c -E -P -D_FILE_OFFSET_BITS=64 -P -O0 -std=gnu11 

Code:
 
        #ifdef __has_include
         #if !__has_include("libvdeplug.h")
          #error "Header 'libvdeplug.h' could not be found"
         #endif
        #else
         #include <libvdeplug.h>
        #endif
Compiler stdout:
 
Compiler stderr:
 
Has header "libvdeplug.h" : YES 
Running compile:
Working directory:  /home/krijn/opt/ConfZNSplusplus/build/meson-private/tmpbve1w1f7
Command line:  cc -m64 -mcx16 /home/krijn/opt/ConfZNSplusplus/build/meson-private/tmpbve1w1f7/testfile.c -o /home/krijn/opt/ConfZNSplusplus/build/meson-private/tmpbve1w1f7/output.exe -D_FILE_OFFSET_BITS=64 -O0 -Wl,--start-group -lvdeplug -Wl,--end-group -Wl,--allow-shlib-undefined 

Code:
 int main(void) { return 0; }

Compiler stdout:
 
Compiler stderr:
 
Library vdeplug found: YES
Running compile:
Working directory:  /home/krijn/opt/ConfZNSplusplus/build/meson-private/tmplwh6aaks
Command line:  cc -m64 -mcx16 /home/krijn/opt/ConfZNSplusplus/build/meson-private/tmplwh6aaks/testfile.c -o /home/krijn/opt/ConfZNSplusplus/build/meson-private/tmplwh6aaks/output.exe -D_FILE_OFFSET_BITS=64 -O0 -std=gnu11 -Wl,--start-group -lvdeplug -Wl,--end-group 

Code:
 
   #include <libvdeplug.h>
   int main(void)
   {
     struct vde_open_args a = {0, 0, 0};
     char s[] = "";
     vde_open(s, s, &a);
     return 0;
   }
Compiler stdout:
 
Compiler stderr:
 
Pkg-config binary for 1 is cached.
Determining dependency 'libpulse' with pkg-config executable '/usr/bin/pkg-config'
env[PKG_CONFIG_PATH]: 
Called `/usr/bin/pkg-config --modversion libpulse` -> 1

Run-time dependency libpulse found: NO (tried pkgconfig)
Pkg-config binary for 1 is cached.
Determining dependency 'alsa' with pkg-config executable '/usr/bin/pkg-config'
env[PKG_CONFIG_PATH]: 
Called `/usr/bin/pkg-config --modversion alsa` -> 1

Run-time dependency alsa found: NO (tried pkgconfig)
Pkg-config binary for 1 is cached.
Determining dependency 'jack' with pkg-config executable '/usr/bin/pkg-config'
env[PKG_CONFIG_PATH]: 
Called `/usr/bin/pkg-config --modversion jack` -> 1

Run-time dependency jack found: NO (tried pkgconfig)
Pkg-config binary for 1 is cached.
Determining dependency 'spice-protocol' with pkg-config executable '/usr/bin/pkg-config'
env[PKG_CONFIG_PATH]: 
Called `/usr/bin/pkg-config --modversion spice-protocol` -> 1

Run-time dependency spice-protocol found: NO (tried pkgconfig)
Pkg-config binary for 1 is cached.
Determining dependency 'spice-server' with pkg-config executable '/usr/bin/pkg-config'
env[PKG_CONFIG_PATH]: 
Called `/usr/bin/pkg-config --modversion spice-server` -> 1

Run-time dependency spice-server found: NO (tried pkgconfig)
Running compile:
Working directory:  /home/krijn/opt/ConfZNSplusplus/build/meson-private/tmp4wnlqkoh
Command line:  cc -m64 -mcx16 /home/krijn/opt/ConfZNSplusplus/build/meson-private/tmp4wnlqkoh/testfile.c -o /home/krijn/opt/ConfZNSplusplus/build/meson-private/tmp4wnlqkoh/output.exe -D_FILE_OFFSET_BITS=64 -O0 -Wl,--start-group -lrt -Wl,--end-group -Wl,--allow-shlib-undefined 

Code:
 int main(void) { return 0; }

Compiler stdout:
 
Compiler stderr:
 
Library rt found: YES
Pkg-config binary for 1 is cached.
Determining dependency 'libiscsi' with pkg-config executable '/usr/bin/pkg-config'
env[PKG_CONFIG_PATH]: 
Called `/usr/bin/pkg-config --modversion libiscsi` -> 0
1.19.0
env[PKG_CONFIG_PATH]: 
Called `/usr/bin/pkg-config --cflags libiscsi` -> 0

env[PKG_CONFIG_ALLOW_SYSTEM_LIBS]: 1
env[PKG_CONFIG_PATH]: 
Called `/usr/bin/pkg-config --libs libiscsi` -> 0
-L/usr/lib/x86_64-linux-gnu -liscsi
env[PKG_CONFIG_PATH]: 
Called `/usr/bin/pkg-config --libs libiscsi` -> 0
-liscsi
Run-time dependency libiscsi found: YES 1.19.0
Pkg-config binary for 1 is cached.
Determining dependency 'libzstd' with pkg-config executable '/usr/bin/pkg-config'
env[PKG_CONFIG_PATH]: 
Called `/usr/bin/pkg-config --modversion libzstd` -> 0
1.4.8
env[PKG_CONFIG_PATH]: 
Called `/usr/bin/pkg-config --cflags libzstd` -> 0

env[PKG_CONFIG_ALLOW_SYSTEM_LIBS]: 1
env[PKG_CONFIG_PATH]: 
Called `/usr/bin/pkg-config --libs libzstd` -> 0
-L/usr/lib -lzstd
env[PKG_CONFIG_PATH]: 
Called `/usr/bin/pkg-config --libs libzstd` -> 0
-lzstd
Run-time dependency libzstd found: YES 1.4.8
Pkg-config binary for 1 is cached.
Determining dependency 'virglrenderer' with pkg-config executable '/usr/bin/pkg-config'
env[PKG_CONFIG_PATH]: 
Called `/usr/bin/pkg-config --modversion virglrenderer` -> 1

Run-time dependency virglrenderer found: NO (tried pkgconfig)
Pkg-config binary for 1 is cached.
Determining dependency 'libcurl' with pkg-config executable '/usr/bin/pkg-config'
env[PKG_CONFIG_PATH]: 
Called `/usr/bin/pkg-config --modversion libcurl` -> 0
7.81.0
env[PKG_CONFIG_PATH]: 
Called `/usr/bin/pkg-config --cflags libcurl` -> 0
-I/usr/include/x86_64-linux-gnu
env[PKG_CONFIG_ALLOW_SYSTEM_LIBS]: 1
env[PKG_CONFIG_PATH]: 
Called `/usr/bin/pkg-config --libs libcurl` -> 0
-L/usr/lib/x86_64-linux-gnu -lcurl
env[PKG_CONFIG_PATH]: 
Called `/usr/bin/pkg-config --libs libcurl` -> 0
-lcurl
Run-time dependency libcurl found: YES 7.81.0
Pkg-config binary for 1 is cached.
Determining dependency 'libudev' with pkg-config executable '/usr/bin/pkg-config'
env[PKG_CONFIG_PATH]: 
Called `/usr/bin/pkg-config --modversion libudev` -> 0
249
env[PKG_CONFIG_PATH]: 
Called `/usr/bin/pkg-config --cflags libudev` -> 0

env[PKG_CONFIG_ALLOW_SYSTEM_LIBS]: 1
env[PKG_CONFIG_PATH]: 
Called `/usr/bin/pkg-config --libs libudev` -> 0
-L/usr/lib/x86_64-linux-gnu -ludev
env[PKG_CONFIG_PATH]: 
Called `/usr/bin/pkg-config --libs libudev` -> 0
-ludev
Run-time dependency libudev found: YES 249
Running compile:
Working directory:  /home/krijn/opt/ConfZNSplusplus/build/meson-private/tmp10y8onbt
Command line:  cc -m64 -mcx16 /home/krijn/opt/ConfZNSplusplus/build/meson-private/tmp10y8onbt/testfile.c -o /home/krijn/opt/ConfZNSplusplus/build/meson-private/tmp10y8onbt/output.exe -D_FILE_OFFSET_BITS=64 -O0 -Wl,--start-group -lmpathpersist -Wl,--end-group -Wl,--allow-shlib-undefined 

Code:
 int main(void) { return 0; }

Compiler stdout:
 
Compiler stderr:
 
Library mpathpersist found: YES
Running compile:
Working directory:  /home/krijn/opt/ConfZNSplusplus/build/meson-private/tmpvegwlcdi
Command line:  cc -m64 -mcx16 /home/krijn/opt/ConfZNSplusplus/build/meson-private/tmpvegwlcdi/testfile.c -o /home/krijn/opt/ConfZNSplusplus/build/meson-private/tmpvegwlcdi/output.exe -D_FILE_OFFSET_BITS=64 -O0 -Wl,--start-group -lmultipath -Wl,--end-group -Wl,--allow-shlib-undefined 

Code:
 int main(void) { return 0; }

Compiler stdout:
 
Compiler stderr:
 
Library multipath found: YES
Running compile:
Working directory:  /home/krijn/opt/ConfZNSplusplus/build/meson-private/tmpu4_gulbe
Command line:  cc -m64 -mcx16 /home/krijn/opt/ConfZNSplusplus/build/meson-private/tmpu4_gulbe/testfile.c -o /home/krijn/opt/ConfZNSplusplus/build/meson-private/tmpu4_gulbe/output.exe -D_FILE_OFFSET_BITS=64 -O0 -std=gnu11 -Wl,--start-group /usr/lib/x86_64-linux-gnu/libudev.so -lmpathpersist -lmultipath -Wl,--end-group 

Code:
 
    #include <libudev.h>
    #include <mpath_persist.h>
    unsigned mpath_mx_alloc_len = 1024;
    int logsink;
    static struct config *multipath_conf;
    extern struct udev *udev;
    extern struct config *get_multipath_config(void);
    extern void put_multipath_config(struct config *conf);
    struct udev *udev;
    struct config *get_multipath_config(void) { return multipath_conf; }
    void put_multipath_config(struct config *conf) { }
    int main(void) {
        udev = udev_new();
        multipath_conf = mpath_lib_init();
        return 0;
    }
Compiler stdout:
 
Compiler stderr:
 
Pkg-config binary for 1 is cached.
Determining dependency 'ncursesw' with pkg-config executable '/usr/bin/pkg-config'
env[PKG_CONFIG_PATH]: 
Called `/usr/bin/pkg-config --modversion ncursesw` -> 0
6.3.20211021
env[PKG_CONFIG_PATH]: 
Called `/usr/bin/pkg-config --cflags ncursesw` -> 0
-D_DEFAULT_SOURCE -D_XOPEN_SOURCE=600
env[PKG_CONFIG_ALLOW_SYSTEM_LIBS]: 1
env[PKG_CONFIG_PATH]: 
Called `/usr/bin/pkg-config --libs ncursesw` -> 0
-L/usr/lib/x86_64-linux-gnu -lncursesw -ltinfo
env[PKG_CONFIG_PATH]: 
Called `/usr/bin/pkg-config --libs ncursesw` -> 0
-lncursesw -ltinfo
Run-time dependency ncursesw found: YES 6.3.20211021
Running compile:
Working directory:  /home/krijn/opt/ConfZNSplusplus/build/meson-private/tmpso4zony4
Command line:  cc -m64 -mcx16 /home/krijn/opt/ConfZNSplusplus/build/meson-private/tmpso4zony4/testfile.c -o /home/krijn/opt/ConfZNSplusplus/build/meson-private/tmpso4zony4/output.exe -D_DEFAULT_SOURCE -D_XOPEN_SOURCE=600 -D_FILE_OFFSET_BITS=64 -O0 -std=gnu11 -DNCURSES_WIDECHAR=1 -Wl,--start-group /usr/lib/x86_64-linux-gnu/libncursesw.so /usr/lib/x86_64-linux-gnu/libtinfo.so -Wl,--end-group 

Code:
 
    #if defined(__APPLE__) || defined(__OpenBSD__)
    #define _XOPEN_SOURCE_EXTENDED 1
    #endif
    #include <locale.h>
    #include <curses.h>
    #include <wchar.h>
    int main(void) {
      wchar_t wch = L'w';
      setlocale(LC_ALL, "");
      resize_term(0, 0);
      addwstr(L"wide chars\n");
      addnwstr(&wch, 1);
      add_wch(WACS_DEGREE);
      return 0;
    }
Compiler stdout:
 
Compiler stderr:
 
Running compile:
Working directory:  /home/krijn/opt/ConfZNSplusplus/build/meson-private/tmpm1l_fn_d
Command line:  cc -m64 -mcx16 -I/usr/include/glib-2.0 -I/usr/lib/x86_64-linux-gnu/glib-2.0/include /home/krijn/opt/ConfZNSplusplus/build/meson-private/tmpm1l_fn_d/testfile.c -o /home/krijn/opt/ConfZNSplusplus/build/meson-private/tmpm1l_fn_d/output.exe -D_FILE_OFFSET_BITS=64 -O0 -std=gnu11 -pthread -Wl,--start-group -lgmodule-2.0 -lglib-2.0 -liconv -Wl,--end-group 

Code:
 
        #include <iconv.h>
        int main(void) {
          iconv_t conv = iconv_open("WCHAR_T", "UCS-2");
          return conv != (iconv_t) -1;
        }
Compiler stdout:
 
Compiler stderr:
 /usr/bin/ld: cannot find -liconv: No such file or directory
collect2: error: ld returned 1 exit status

Running compile:
Working directory:  /home/krijn/opt/ConfZNSplusplus/build/meson-private/tmptpr0jnyi
Command line:  cc -m64 -mcx16 -I/usr/include/glib-2.0 -I/usr/lib/x86_64-linux-gnu/glib-2.0/include /home/krijn/opt/ConfZNSplusplus/build/meson-private/tmptpr0jnyi/testfile.c -o /home/krijn/opt/ConfZNSplusplus/build/meson-private/tmptpr0jnyi/output.exe -D_FILE_OFFSET_BITS=64 -O0 -std=gnu11 -pthread -Wl,--start-group -lgmodule-2.0 -lglib-2.0 -Wl,--end-group 

Code:
 
        #include <iconv.h>
        int main(void) {
          iconv_t conv = iconv_open("WCHAR_T", "UCS-2");
          return conv != (iconv_t) -1;
        }
Compiler stdout:
 
Compiler stderr:
 
Running compile:
Working directory:  /home/krijn/opt/ConfZNSplusplus/build/meson-private/tmp37sc99br
Command line:  cc -m64 -mcx16 /home/krijn/opt/ConfZNSplusplus/build/meson-private/tmp37sc99br/testfile.c -E -P -D_FILE_OFFSET_BITS=64 -P -O0 -std=gnu11 

Code:
 
        #ifdef __has_include
         #if !__has_include("brlapi.h")
          #error "Header 'brlapi.h' could not be found"
         #endif
        #else
         #include <brlapi.h>
        #endif
Compiler stdout:
 
Compiler stderr:
 
Has header "brlapi.h" : YES 
Running compile:
Working directory:  /home/krijn/opt/ConfZNSplusplus/build/meson-private/tmpltcfixue
Command line:  cc -m64 -mcx16 /home/krijn/opt/ConfZNSplusplus/build/meson-private/tmpltcfixue/testfile.c -o /home/krijn/opt/ConfZNSplusplus/build/meson-private/tmpltcfixue/output.exe -D_FILE_OFFSET_BITS=64 -O0 -Wl,--start-group -lbrlapi -Wl,--end-group -Wl,--allow-shlib-undefined 

Code:
 int main(void) { return 0; }

Compiler stdout:
 
Compiler stderr:
 
Library brlapi found: YES
Running compile:
Working directory:  /home/krijn/opt/ConfZNSplusplus/build/meson-private/tmpfnhbyhye
Command line:  cc -m64 -mcx16 /home/krijn/opt/ConfZNSplusplus/build/meson-private/tmpfnhbyhye/testfile.c -o /home/krijn/opt/ConfZNSplusplus/build/meson-private/tmpfnhbyhye/output.exe -D_FILE_OFFSET_BITS=64 -O0 -std=gnu11 -Wl,--start-group -lbrlapi -Wl,--end-group 

Code:
 
     #include <brlapi.h>
     #include <stddef.h>
     int main(void) { return brlapi__openConnection (NULL, NULL, NULL); }
Compiler stdout:
 
Compiler stderr:
 
Pkg-config binary for 1 is cached.
Determining dependency 'sdl2' with pkg-config executable '/usr/bin/pkg-config'
env[PKG_CONFIG_PATH]: 
Called `/usr/bin/pkg-config --modversion sdl2` -> 1

sdl2-config binary missing from cross or native file, or env var undefined.
Trying a default sdl2-config fallback at sdl2-config
sdl2-config found: NO
Run-time dependency sdl2 found: NO (tried pkgconfig and config-tool)
Running compile:
Working directory:  /home/krijn/opt/ConfZNSplusplus/build/meson-private/tmpi2jr8219
Command line:  cc -m64 -mcx16 /home/krijn/opt/ConfZNSplusplus/build/meson-private/tmpi2jr8219/testfile.c -o /home/krijn/opt/ConfZNSplusplus/build/meson-private/tmpi2jr8219/output.exe -D_FILE_OFFSET_BITS=64 -O0 -Wl,--start-group -lrados -Wl,--end-group -Wl,--allow-shlib-undefined 

Code:
 int main(void) { return 0; }

Compiler stdout:
 
Compiler stderr:
 
Library rados found: YES
Running compile:
Working directory:  /home/krijn/opt/ConfZNSplusplus/build/meson-private/tmpp0vhca5x
Command line:  cc -m64 -mcx16 /home/krijn/opt/ConfZNSplusplus/build/meson-private/tmpp0vhca5x/testfile.c -E -P -D_FILE_OFFSET_BITS=64 -P -O0 -std=gnu11 

Code:
 
        #ifdef __has_include
         #if !__has_include("rbd/librbd.h")
          #error "Header 'rbd/librbd.h' could not be found"
         #endif
        #else
         #include <rbd/librbd.h>
        #endif
Compiler stdout:
 
Compiler stderr:
 
Has header "rbd/librbd.h" : YES 
Running compile:
Working directory:  /home/krijn/opt/ConfZNSplusplus/build/meson-private/tmp4u2ppyxq
Command line:  cc -m64 -mcx16 /home/krijn/opt/ConfZNSplusplus/build/meson-private/tmp4u2ppyxq/testfile.c -o /home/krijn/opt/ConfZNSplusplus/build/meson-private/tmp4u2ppyxq/output.exe -D_FILE_OFFSET_BITS=64 -O0 -Wl,--start-group -lrbd -Wl,--end-group -Wl,--allow-shlib-undefined 

Code:
 int main(void) { return 0; }

Compiler stdout:
 
Compiler stderr:
 
Library rbd found: YES
Running compile:
Working directory:  /home/krijn/opt/ConfZNSplusplus/build/meson-private/tmpqq7hu66j
Command line:  cc -m64 -mcx16 /home/krijn/opt/ConfZNSplusplus/build/meson-private/tmpqq7hu66j/testfile.c -o /home/krijn/opt/ConfZNSplusplus/build/meson-private/tmpqq7hu66j/output.exe -D_FILE_OFFSET_BITS=64 -O0 -std=gnu11 -Wl,--start-group -lrbd -lrados -Wl,--end-group 

Code:
 
      #include <stdio.h>
      #include <rbd/librbd.h>
      int main(void) {
        rados_t cluster;
        rados_create(&cluster, NULL);
        #if LIBRBD_VERSION_CODE < LIBRBD_VERSION(1, 12, 0)
        #error
        #endif
        return 0;
      }
Compiler stdout:
 
Compiler stderr:
 
Pkg-config binary for 1 is cached.
Determining dependency 'glusterfs-api' with pkg-config executable '/usr/bin/pkg-config'
env[PKG_CONFIG_PATH]: 
Called `/usr/bin/pkg-config --modversion glusterfs-api` -> 1

Run-time dependency glusterfs-api found: NO (tried pkgconfig)
Pkg-config binary for 1 is cached.
Determining dependency 'libssh' with pkg-config executable '/usr/bin/pkg-config'
env[PKG_CONFIG_PATH]: 
Called `/usr/bin/pkg-config --modversion libssh` -> 1

Run-time dependency libssh found: NO (tried pkgconfig)
Running compile:
Working directory:  /home/krijn/opt/ConfZNSplusplus/build/meson-private/tmpw0z96h9k
Command line:  cc -m64 -mcx16 /home/krijn/opt/ConfZNSplusplus/build/meson-private/tmpw0z96h9k/testfile.c -E -P -D_FILE_OFFSET_BITS=64 -P -O0 -std=gnu11 

Code:
 
        #ifdef __has_include
         #if !__has_include("bzlib.h")
          #error "Header 'bzlib.h' could not be found"
         #endif
        #else
         #include <bzlib.h>
        #endif
Compiler stdout:
 
Compiler stderr:
 
Has header "bzlib.h" : YES 
Running compile:
Working directory:  /home/krijn/opt/ConfZNSplusplus/build/meson-private/tmpjzg0z1wp
Command line:  cc -m64 -mcx16 /home/krijn/opt/ConfZNSplusplus/build/meson-private/tmpjzg0z1wp/testfile.c -o /home/krijn/opt/ConfZNSplusplus/build/meson-private/tmpjzg0z1wp/output.exe -D_FILE_OFFSET_BITS=64 -O0 -Wl,--start-group -lbz2 -Wl,--end-group -Wl,--allow-shlib-undefined 

Code:
 int main(void) { return 0; }

Compiler stdout:
 
Compiler stderr:
 
Library bz2 found: YES
Running compile:
Working directory:  /home/krijn/opt/ConfZNSplusplus/build/meson-private/tmpmkv4luj6
Command line:  cc -m64 -mcx16 /home/krijn/opt/ConfZNSplusplus/build/meson-private/tmpmkv4luj6/testfile.c -o /home/krijn/opt/ConfZNSplusplus/build/meson-private/tmpmkv4luj6/output.exe -D_FILE_OFFSET_BITS=64 -O0 -std=gnu11 -Wl,--start-group -lbz2 -Wl,--end-group 

Code:
 
     #include <bzlib.h>
     int main(void) { BZ2_bzlibVersion(); return 0; }
Compiler stdout:
 
Compiler stderr:
 
Running compile:
Working directory:  /home/krijn/opt/ConfZNSplusplus/build/meson-private/tmp5jqiyqxj
Command line:  cc -m64 -mcx16 /home/krijn/opt/ConfZNSplusplus/build/meson-private/tmp5jqiyqxj/testfile.c -E -P -D_FILE_OFFSET_BITS=64 -P -O0 -std=gnu11 

Code:
 
        #ifdef __has_include
         #if !__has_include("lzfse.h")
          #error "Header 'lzfse.h' could not be found"
         #endif
        #else
         #include <lzfse.h>
        #endif
Compiler stdout:
 
Compiler stderr:
 /home/krijn/opt/ConfZNSplusplus/build/meson-private/tmp5jqiyqxj/testfile.c:4:12: error: #error "Header 'lzfse.h' could not be found"
    4 |           #error "Header 'lzfse.h' could not be found"
      |            ^~~~~

Has header "lzfse.h" : NO 
Running compile:
Working directory:  /home/krijn/opt/ConfZNSplusplus/build/meson-private/tmp6jy8v8yb
Command line:  cc -m64 -mcx16 /home/krijn/opt/ConfZNSplusplus/build/meson-private/tmp6jy8v8yb/testfile.c -E -P -D_FILE_OFFSET_BITS=64 -P -O0 -std=gnu11 

Code:
 
        #ifdef __has_include
         #if !__has_include("sys/soundcard.h")
          #error "Header 'sys/soundcard.h' could not be found"
         #endif
        #else
         #include <sys/soundcard.h>
        #endif
Compiler stdout:
 
Compiler stderr:
 
Has header "sys/soundcard.h" : YES 
Pkg-config binary for 1 is cached.
Determining dependency 'gbm' with pkg-config executable '/usr/bin/pkg-config'
env[PKG_CONFIG_PATH]: 
Called `/usr/bin/pkg-config --modversion gbm` -> 1

Run-time dependency gbm found: NO (tried pkgconfig)
Pkg-config binary for 1 is cached.
Determining dependency 'gnutls' with pkg-config executable '/usr/bin/pkg-config'
env[PKG_CONFIG_PATH]: 
Called `/usr/bin/pkg-config --modversion gnutls` -> 0
3.7.3
env[PKG_CONFIG_PATH]: 
Called `/usr/bin/pkg-config --cflags gnutls` -> 0
-I/usr/include/p11-kit-1
env[PKG_CONFIG_ALLOW_SYSTEM_LIBS]: 1
env[PKG_CONFIG_PATH]: 
Called `/usr/bin/pkg-config --libs gnutls` -> 0
-L/usr/lib/x86_64-linux-gnu -lgnutls
env[PKG_CONFIG_PATH]: 
Called `/usr/bin/pkg-config --libs gnutls` -> 0
-lgnutls
Run-time dependency gnutls found: YES 3.7.3
Dependency gtk+-3.0 skipped: feature gtk disabled
Pkg-config binary for 1 is cached.
Determining dependency 'libpng' with pkg-config executable '/usr/bin/pkg-config'
env[PKG_CONFIG_PATH]: 
Called `/usr/bin/pkg-config --modversion libpng` -> 0
1.6.37
env[PKG_CONFIG_PATH]: 
Called `/usr/bin/pkg-config --cflags libpng` -> 0
-I/usr/include/libpng16
env[PKG_CONFIG_ALLOW_SYSTEM_LIBS]: 1
env[PKG_CONFIG_PATH]: 
Called `/usr/bin/pkg-config --libs libpng` -> 0
-L/usr/lib/x86_64-linux-gnu -lpng16 -lz
env[PKG_CONFIG_PATH]: 
Called `/usr/bin/pkg-config --libs libpng` -> 0
-lpng16 -lz
Run-time dependency libpng found: YES 1.6.37
Pkg-config binary for 1 is cached.
Determining dependency 'libjpeg' with pkg-config executable '/usr/bin/pkg-config'
env[PKG_CONFIG_PATH]: 
Called `/usr/bin/pkg-config --modversion libjpeg` -> 0
2.1.2
env[PKG_CONFIG_PATH]: 
Called `/usr/bin/pkg-config --cflags libjpeg` -> 0

env[PKG_CONFIG_ALLOW_SYSTEM_LIBS]: 1
env[PKG_CONFIG_PATH]: 
Called `/usr/bin/pkg-config --libs libjpeg` -> 0
-L/usr/lib/x86_64-linux-gnu -ljpeg
env[PKG_CONFIG_PATH]: 
Called `/usr/bin/pkg-config --libs libjpeg` -> 0
-ljpeg
Run-time dependency libjpeg found: YES 2.1.2
Running compile:
Working directory:  /home/krijn/opt/ConfZNSplusplus/build/meson-private/tmpbnip6xca
Command line:  cc -m64 -mcx16 /home/krijn/opt/ConfZNSplusplus/build/meson-private/tmpbnip6xca/testfile.c -E -P -D_FILE_OFFSET_BITS=64 -P -O0 -std=gnu11 

Code:
 
        #ifdef __has_include
         #if !__has_include("sasl/sasl.h")
          #error "Header 'sasl/sasl.h' could not be found"
         #endif
        #else
         #include <sasl/sasl.h>
        #endif
Compiler stdout:
 
Compiler stderr:
 /home/krijn/opt/ConfZNSplusplus/build/meson-private/tmpbnip6xca/testfile.c:4:12: error: #error "Header 'sasl/sasl.h' could not be found"
    4 |           #error "Header 'sasl/sasl.h' could not be found"
      |            ^~~~~

Has header "sasl/sasl.h" : NO 
Running compile:
Working directory:  /home/krijn/opt/ConfZNSplusplus/build/meson-private/tmpnu_1gu09
Command line:  cc -m64 -mcx16 /home/krijn/opt/ConfZNSplusplus/build/meson-private/tmpnu_1gu09/testfile.c -E -P -D_FILE_OFFSET_BITS=64 -P -O0 -std=gnu11 

Code:
 
        #ifdef __has_include
         #if !__has_include("security/pam_appl.h")
          #error "Header 'security/pam_appl.h' could not be found"
         #endif
        #else
         #include <security/pam_appl.h>
        #endif
Compiler stdout:
 
Compiler stderr:
 /home/krijn/opt/ConfZNSplusplus/build/meson-private/tmpnu_1gu09/testfile.c:4:12: error: #error "Header 'security/pam_appl.h' could not be found"
    4 |           #error "Header 'security/pam_appl.h' could not be found"
      |            ^~~~~

Has header "security/pam_appl.h" : NO 
Running compile:
Working directory:  /home/krijn/opt/ConfZNSplusplus/build/meson-private/tmp5z6kgmjw
Command line:  cc -m64 -mcx16 /home/krijn/opt/ConfZNSplusplus/build/meson-private/tmp5z6kgmjw/testfile.c -E -P -D_FILE_OFFSET_BITS=64 -P -O0 -std=gnu11 

Code:
 
        #ifdef __has_include
         #if !__has_include("snappy-c.h")
          #error "Header 'snappy-c.h' could not be found"
         #endif
        #else
         #include <snappy-c.h>
        #endif
Compiler stdout:
 
Compiler stderr:
 
Has header "snappy-c.h" : YES 
Running compile:
Working directory:  /home/krijn/opt/ConfZNSplusplus/build/meson-private/tmp_4j8hi5e
Command line:  cc -m64 -mcx16 /home/krijn/opt/ConfZNSplusplus/build/meson-private/tmp_4j8hi5e/testfile.c -o /home/krijn/opt/ConfZNSplusplus/build/meson-private/tmp_4j8hi5e/output.exe -D_FILE_OFFSET_BITS=64 -O0 -Wl,--start-group -lsnappy -Wl,--end-group -Wl,--allow-shlib-undefined 

Code:
 int main(void) { return 0; }

Compiler stdout:
 
Compiler stderr:
 
Library snappy found: YES
Running compile:
Working directory:  /tmp/tmpiibcgpnu
Command line:  c++ -m64 -mcx16 /tmp/tmpiibcgpnu/testfile.cpp -o /tmp/tmpiibcgpnu/output.obj -D_FILE_OFFSET_BITS=64 -c -std=gnu++11 

Code:
 int i = static_cast<int>(0);
Compiler stdout:
 
Compiler stderr:
 
Compiler accepts -std=gnu++11: YES
Running compile:
Working directory:  /home/krijn/opt/ConfZNSplusplus/build/meson-private/tmphcfaqh8g
Command line:  c++ -m64 -mcx16 /home/krijn/opt/ConfZNSplusplus/build/meson-private/tmphcfaqh8g/testfile.cpp -o /home/krijn/opt/ConfZNSplusplus/build/meson-private/tmphcfaqh8g/output.exe -D_FILE_OFFSET_BITS=64 -O0 -fpermissive -std=gnu++11 -Wl,--start-group -lsnappy -Wl,--end-group 

Code:
 
   #include <snappy-c.h>
   int main(void) { snappy_max_compressed_length(4096); return 0; }
Compiler stdout:
 
Compiler stderr:
 
Running compile:
Working directory:  /home/krijn/opt/ConfZNSplusplus/build/meson-private/tmp3pnqxr2n
Command line:  cc -m64 -mcx16 /home/krijn/opt/ConfZNSplusplus/build/meson-private/tmp3pnqxr2n/testfile.c -E -P -D_FILE_OFFSET_BITS=64 -P -O0 -std=gnu11 

Code:
 
        #ifdef __has_include
         #if !__has_include("lzo/lzo1x.h")
          #error "Header 'lzo/lzo1x.h' could not be found"
         #endif
        #else
         #include <lzo/lzo1x.h>
        #endif
Compiler stdout:
 
Compiler stderr:
 
Has header "lzo/lzo1x.h" : YES 
Running compile:
Working directory:  /home/krijn/opt/ConfZNSplusplus/build/meson-private/tmpru7n19vh
Command line:  cc -m64 -mcx16 /home/krijn/opt/ConfZNSplusplus/build/meson-private/tmpru7n19vh/testfile.c -o /home/krijn/opt/ConfZNSplusplus/build/meson-private/tmpru7n19vh/output.exe -D_FILE_OFFSET_BITS=64 -O0 -Wl,--start-group -llzo2 -Wl,--end-group -Wl,--allow-shlib-undefined 

Code:
 int main(void) { return 0; }

Compiler stdout:
 
Compiler stderr:
 
Library lzo2 found: YES
Running compile:
Working directory:  /home/krijn/opt/ConfZNSplusplus/build/meson-private/tmp5b3ejhf4
Command line:  cc -m64 -mcx16 /home/krijn/opt/ConfZNSplusplus/build/meson-private/tmp5b3ejhf4/testfile.c -o /home/krijn/opt/ConfZNSplusplus/build/meson-private/tmp5b3ejhf4/output.exe -D_FILE_OFFSET_BITS=64 -O0 -std=gnu11 -Wl,--start-group -llzo2 -Wl,--end-group 

Code:
 
   #include <lzo/lzo1x.h>
   int main(void) { lzo_version(); return 0; }
Compiler stdout:
 
Compiler stderr:
 
Running compile:
Working directory:  /home/krijn/opt/ConfZNSplusplus/build/meson-private/tmpyte8290u
Command line:  cc -m64 -mcx16 /home/krijn/opt/ConfZNSplusplus/build/meson-private/tmpyte8290u/testfile.c -E -P -D_FILE_OFFSET_BITS=64 -P -O0 -std=gnu11 

Code:
 
        #ifdef __has_include
         #if !__has_include("numa.h")
          #error "Header 'numa.h' could not be found"
         #endif
        #else
         #include <numa.h>
        #endif
Compiler stdout:
 
Compiler stderr:
 
Has header "numa.h" : YES 
Running compile:
Working directory:  /home/krijn/opt/ConfZNSplusplus/build/meson-private/tmpxukuz_32
Command line:  cc -m64 -mcx16 /home/krijn/opt/ConfZNSplusplus/build/meson-private/tmpxukuz_32/testfile.c -o /home/krijn/opt/ConfZNSplusplus/build/meson-private/tmpxukuz_32/output.exe -D_FILE_OFFSET_BITS=64 -O0 -Wl,--start-group -lnuma -Wl,--end-group -Wl,--allow-shlib-undefined 

Code:
 int main(void) { return 0; }

Compiler stdout:
 
Compiler stderr:
 
Library numa found: YES
Running compile:
Working directory:  /home/krijn/opt/ConfZNSplusplus/build/meson-private/tmp_r924erv
Command line:  cc -m64 -mcx16 /home/krijn/opt/ConfZNSplusplus/build/meson-private/tmp_r924erv/testfile.c -o /home/krijn/opt/ConfZNSplusplus/build/meson-private/tmp_r924erv/output.exe -D_FILE_OFFSET_BITS=64 -O0 -std=gnu11 -Wl,--start-group -lnuma -Wl,--end-group 

Code:
 
   #include <numa.h>
   int main(void) { return numa_available(); }
   
Compiler stdout:
 
Compiler stderr:
 
Pkg-config binary for 1 is cached.
Determining dependency 'libcacard' with pkg-config executable '/usr/bin/pkg-config'
env[PKG_CONFIG_PATH]: 
Called `/usr/bin/pkg-config --modversion libcacard` -> 1

Run-time dependency libcacard found: NO (tried pkgconfig)
Pkg-config binary for 1 is cached.
Determining dependency 'u2f-emu' with pkg-config executable '/usr/bin/pkg-config'
env[PKG_CONFIG_PATH]: 
Called `/usr/bin/pkg-config --modversion u2f-emu` -> 1

Run-time dependency u2f-emu found: NO (tried pkgconfig)
Pkg-config binary for 1 is cached.
Determining dependency 'libusbredirparser-0.5' with pkg-config executable '/usr/bin/pkg-config'
env[PKG_CONFIG_PATH]: 
Called `/usr/bin/pkg-config --modversion libusbredirparser-0.5` -> 1

Run-time dependency libusbredirparser-0.5 found: NO (tried pkgconfig)
Pkg-config binary for 1 is cached.
Determining dependency 'libusb-1.0' with pkg-config executable '/usr/bin/pkg-config'
env[PKG_CONFIG_PATH]: 
Called `/usr/bin/pkg-config --modversion libusb-1.0` -> 1

Run-time dependency libusb-1.0 found: NO (tried pkgconfig)
Pkg-config binary for 1 is cached.
Determining dependency 'libpmem' with pkg-config executable '/usr/bin/pkg-config'
env[PKG_CONFIG_PATH]: 
Called `/usr/bin/pkg-config --modversion libpmem` -> 1

Run-time dependency libpmem found: NO (tried pkgconfig)
Pkg-config binary for 1 is cached.
Determining dependency 'libdaxctl' with pkg-config executable '/usr/bin/pkg-config'
env[PKG_CONFIG_PATH]: 
Called `/usr/bin/pkg-config --modversion libdaxctl` -> 1

Run-time dependency libdaxctl found: NO (tried pkgconfig)
Pkg-config binary for 1 is cached.
Determining dependency 'libtasn1' with pkg-config executable '/usr/bin/pkg-config'
env[PKG_CONFIG_PATH]: 
Called `/usr/bin/pkg-config --modversion libtasn1` -> 0
4.18.0
env[PKG_CONFIG_PATH]: 
Called `/usr/bin/pkg-config --cflags libtasn1` -> 0

env[PKG_CONFIG_ALLOW_SYSTEM_LIBS]: 1
env[PKG_CONFIG_PATH]: 
Called `/usr/bin/pkg-config --libs libtasn1` -> 0
-L/usr/lib/x86_64-linux-gnu -ltasn1
env[PKG_CONFIG_PATH]: 
Called `/usr/bin/pkg-config --libs libtasn1` -> 0
-ltasn1
Run-time dependency libtasn1 found: YES 4.18.0
Pkg-config binary for 1 is cached.
Determining dependency 'libkeyutils' with pkg-config executable '/usr/bin/pkg-config'
env[PKG_CONFIG_PATH]: 
Called `/usr/bin/pkg-config --modversion libkeyutils` -> 1

Run-time dependency libkeyutils found: NO (tried pkgconfig)
Running compile:
Working directory:  /home/krijn/opt/ConfZNSplusplus/build/meson-private/tmps65t6v7a
Command line:  cc -m64 -mcx16 /home/krijn/opt/ConfZNSplusplus/build/meson-private/tmps65t6v7a/testfile.c -o /home/krijn/opt/ConfZNSplusplus/build/meson-private/tmps65t6v7a/output.exe -D_FILE_OFFSET_BITS=64 -O0 -std=gnu11 

Code:
 
        #define gettid meson_disable_define_of_gettid
        
        #include <limits.h>
        #undef gettid
        
        #ifdef __cplusplus
        extern "C"
        #endif
        char gettid (void);
        
        #if defined __stub_gettid || defined __stub___gettid
        fail fail fail this function is not going to work
        #endif
        
        int main(void) {
          return gettid ();
        }
Compiler stdout:
 
Compiler stderr:
 
Checking for function "gettid" : YES 
Pkg-config binary for 1 is cached.
Determining dependency 'libselinux' with pkg-config executable '/usr/bin/pkg-config'
env[PKG_CONFIG_PATH]: 
Called `/usr/bin/pkg-config --modversion libselinux` -> 0
3.3
env[PKG_CONFIG_PATH]: 
Called `/usr/bin/pkg-config --cflags libselinux` -> 0

env[PKG_CONFIG_ALLOW_SYSTEM_LIBS]: 1
env[PKG_CONFIG_PATH]: 
Called `/usr/bin/pkg-config --libs libselinux` -> 0
-L/usr/lib -lselinux
env[PKG_CONFIG_PATH]: 
Called `/usr/bin/pkg-config --libs libselinux` -> 0
-lselinux
Run-time dependency libselinux found: YES 3.3
Running compile:
Working directory:  /home/krijn/opt/ConfZNSplusplus/build/meson-private/tmpu4fgw3he
Command line:  cc -m64 -mcx16 /home/krijn/opt/ConfZNSplusplus/build/meson-private/tmpu4fgw3he/testfile.c -o /home/krijn/opt/ConfZNSplusplus/build/meson-private/tmpu4fgw3he/output.exe -D_FILE_OFFSET_BITS=64 -O0 -std=gnu11 

Code:
 #include <malloc.h>
                int main(void) { malloc_trim(0); return 0; }
Compiler stdout:
 
Compiler stderr:
 
Running compile:
Working directory:  /home/krijn/opt/ConfZNSplusplus/build/meson-private/tmp9k3i3f9p
Command line:  cc -m64 -mcx16 /home/krijn/opt/ConfZNSplusplus/build/meson-private/tmp9k3i3f9p/testfile.c -o /home/krijn/opt/ConfZNSplusplus/build/meson-private/tmp9k3i3f9p/output.exe -D_FILE_OFFSET_BITS=64 -O0 -std=gnu11 

Code:
 
  #ifndef _GNU_SOURCE
  #define _GNU_SOURCE
  #endif

  #include <sys/stat.h>
  int main(void) {
    struct statx statxbuf;
    statx(0, "", 0, STATX_BASIC_STATS, &statxbuf);
    return 0;
  }
Compiler stdout:
 
Compiler stderr:
 
Running compile:
Working directory:  /home/krijn/opt/ConfZNSplusplus/build/meson-private/tmpfsjeaeqi
Command line:  cc -m64 -mcx16 /home/krijn/opt/ConfZNSplusplus/build/meson-private/tmpfsjeaeqi/testfile.c -o /home/krijn/opt/ConfZNSplusplus/build/meson-private/tmpfsjeaeqi/output.exe -D_FILE_OFFSET_BITS=64 -O0 -std=gnu11 

Code:
 
  #ifndef _GNU_SOURCE
  #define _GNU_SOURCE
  #endif

  #include <sys/stat.h>
  int main(void) {
    struct statx statxbuf;
    statx(0, "", 0, STATX_BASIC_STATS | STATX_MNT_ID, &statxbuf);
    return statxbuf.stx_mnt_id;
  }
Compiler stdout:
 
Compiler stderr:
 
Pkg-config binary for 1 is cached.
Determining dependency 'fuse3' with pkg-config executable '/usr/bin/pkg-config'
env[PKG_CONFIG_PATH]: 
Called `/usr/bin/pkg-config --modversion fuse3` -> 1

Run-time dependency fuse3 found: NO (tried pkgconfig)
Pkg-config binary for 1 is cached.
Determining dependency 'libbpf' with pkg-config executable '/usr/bin/pkg-config'
env[PKG_CONFIG_PATH]: 
Called `/usr/bin/pkg-config --modversion libbpf` -> 1

Run-time dependency libbpf found: NO (tried pkgconfig)
Running compile:
Working directory:  /home/krijn/opt/ConfZNSplusplus/build/meson-private/tmp25z3sely
Command line:  cc -m64 -mcx16 /home/krijn/opt/ConfZNSplusplus/build/meson-private/tmp25z3sely/testfile.c -E -P -D_FILE_OFFSET_BITS=64 -P -O0 -std=gnu11 

Code:
 
        #ifdef __has_include
         #if !__has_include("sys/epoll.h")
          #error "Header 'sys/epoll.h' could not be found"
         #endif
        #else
         #include <sys/epoll.h>
        #endif
Compiler stdout:
 
Compiler stderr:
 
Has header "sys/epoll.h" : YES 
Running compile:
Working directory:  /home/krijn/opt/ConfZNSplusplus/build/meson-private/tmpz7wqh_gy
Command line:  cc -m64 -mcx16 /home/krijn/opt/ConfZNSplusplus/build/meson-private/tmpz7wqh_gy/testfile.c -E -P -D_FILE_OFFSET_BITS=64 -P -O0 -std=gnu11 

Code:
 
        #ifdef __has_include
         #if !__has_include("linux/magic.h")
          #error "Header 'linux/magic.h' could not be found"
         #endif
        #else
         #include <linux/magic.h>
        #endif
Compiler stdout:
 
Compiler stderr:
 
Has header "linux/magic.h" : YES 
Running compile:
Working directory:  /home/krijn/opt/ConfZNSplusplus/build/meson-private/tmphlx1wsus
Command line:  cc -m64 -mcx16 /home/krijn/opt/ConfZNSplusplus/build/meson-private/tmphlx1wsus/testfile.c -E -P -D_FILE_OFFSET_BITS=64 -P -O0 -std=gnu11 

Code:
 
        #ifdef __has_include
         #if !__has_include("valgrind/valgrind.h")
          #error "Header 'valgrind/valgrind.h' could not be found"
         #endif
        #else
         #include <valgrind/valgrind.h>
        #endif
Compiler stdout:
 
Compiler stderr:
 /home/krijn/opt/ConfZNSplusplus/build/meson-private/tmphlx1wsus/testfile.c:4:12: error: #error "Header 'valgrind/valgrind.h' could not be found"
    4 |           #error "Header 'valgrind/valgrind.h' could not be found"
      |            ^~~~~

Has header "valgrind/valgrind.h" : NO 
Running compile:
Working directory:  /home/krijn/opt/ConfZNSplusplus/build/meson-private/tmpmdlh8e4i
Command line:  cc -m64 -mcx16 /home/krijn/opt/ConfZNSplusplus/build/meson-private/tmpmdlh8e4i/testfile.c -E -P -D_FILE_OFFSET_BITS=64 -P -O0 -std=gnu11 

Code:
 
        #ifdef __has_include
         #if !__has_include("linux/btrfs.h")
          #error "Header 'linux/btrfs.h' could not be found"
         #endif
        #else
         #include <linux/btrfs.h>
        #endif
Compiler stdout:
 
Compiler stderr:
 
Has header "linux/btrfs.h" : YES 
Running compile:
Working directory:  /home/krijn/opt/ConfZNSplusplus/build/meson-private/tmpjwbvyt_b
Command line:  cc -m64 -mcx16 /home/krijn/opt/ConfZNSplusplus/build/meson-private/tmpjwbvyt_b/testfile.c -E -P -D_FILE_OFFSET_BITS=64 -P -O0 -std=gnu11 

Code:
 
        #ifdef __has_include
         #if !__has_include("libdrm/drm.h")
          #error "Header 'libdrm/drm.h' could not be found"
         #endif
        #else
         #include <libdrm/drm.h>
        #endif
Compiler stdout:
 
Compiler stderr:
 /home/krijn/opt/ConfZNSplusplus/build/meson-private/tmpjwbvyt_b/testfile.c:4:12: error: #error "Header 'libdrm/drm.h' could not be found"
    4 |           #error "Header 'libdrm/drm.h' could not be found"
      |            ^~~~~

Has header "libdrm/drm.h" : NO 
Running compile:
Working directory:  /home/krijn/opt/ConfZNSplusplus/build/meson-private/tmp2ktth2cw
Command line:  cc -m64 -mcx16 /home/krijn/opt/ConfZNSplusplus/build/meson-private/tmp2ktth2cw/testfile.c -E -P -D_FILE_OFFSET_BITS=64 -P -O0 -std=gnu11 

Code:
 
        #ifdef __has_include
         #if !__has_include("pty.h")
          #error "Header 'pty.h' could not be found"
         #endif
        #else
         #include <pty.h>
        #endif
Compiler stdout:
 
Compiler stderr:
 
Has header "pty.h" : YES 
Running compile:
Working directory:  /home/krijn/opt/ConfZNSplusplus/build/meson-private/tmpjcq2v01n
Command line:  cc -m64 -mcx16 /home/krijn/opt/ConfZNSplusplus/build/meson-private/tmpjcq2v01n/testfile.c -E -P -D_FILE_OFFSET_BITS=64 -P -O0 -std=gnu11 

Code:
 
        #ifdef __has_include
         #if !__has_include("sys/disk.h")
          #error "Header 'sys/disk.h' could not be found"
         #endif
        #else
         #include <sys/disk.h>
        #endif
Compiler stdout:
 
Compiler stderr:
 /home/krijn/opt/ConfZNSplusplus/build/meson-private/tmpjcq2v01n/testfile.c:4:12: error: #error "Header 'sys/disk.h' could not be found"
    4 |           #error "Header 'sys/disk.h' could not be found"
      |            ^~~~~

Has header "sys/disk.h" : NO 
Running compile:
Working directory:  /home/krijn/opt/ConfZNSplusplus/build/meson-private/tmp8dmh2p3b
Command line:  cc -m64 -mcx16 /home/krijn/opt/ConfZNSplusplus/build/meson-private/tmp8dmh2p3b/testfile.c -E -P -D_FILE_OFFSET_BITS=64 -P -O0 -std=gnu11 

Code:
 
        #ifdef __has_include
         #if !__has_include("sys/ioccom.h")
          #error "Header 'sys/ioccom.h' could not be found"
         #endif
        #else
         #include <sys/ioccom.h>
        #endif
Compiler stdout:
 
Compiler stderr:
 /home/krijn/opt/ConfZNSplusplus/build/meson-private/tmp8dmh2p3b/testfile.c:4:12: error: #error "Header 'sys/ioccom.h' could not be found"
    4 |           #error "Header 'sys/ioccom.h' could not be found"
      |            ^~~~~

Has header "sys/ioccom.h" : NO 
Running compile:
Working directory:  /home/krijn/opt/ConfZNSplusplus/build/meson-private/tmpvtzn7w27
Command line:  cc -m64 -mcx16 /home/krijn/opt/ConfZNSplusplus/build/meson-private/tmpvtzn7w27/testfile.c -E -P -D_FILE_OFFSET_BITS=64 -P -O0 -std=gnu11 

Code:
 
        #ifdef __has_include
         #if !__has_include("sys/kcov.h")
          #error "Header 'sys/kcov.h' could not be found"
         #endif
        #else
         #include <sys/kcov.h>
        #endif
Compiler stdout:
 
Compiler stderr:
 /home/krijn/opt/ConfZNSplusplus/build/meson-private/tmpvtzn7w27/testfile.c:4:12: error: #error "Header 'sys/kcov.h' could not be found"
    4 |           #error "Header 'sys/kcov.h' could not be found"
      |            ^~~~~

Has header "sys/kcov.h" : NO 
Running compile:
Working directory:  /home/krijn/opt/ConfZNSplusplus/build/meson-private/tmp71i37ohg
Command line:  cc -m64 -mcx16 /home/krijn/opt/ConfZNSplusplus/build/meson-private/tmp71i37ohg/testfile.c -o /home/krijn/opt/ConfZNSplusplus/build/meson-private/tmp71i37ohg/output.exe -D_FILE_OFFSET_BITS=64 -O0 -std=gnu11 

Code:
 
        #define accept4 meson_disable_define_of_accept4
        
        #include <limits.h>
        #undef accept4
        
        #ifdef __cplusplus
        extern "C"
        #endif
        char accept4 (void);
        
        #if defined __stub_accept4 || defined __stub___accept4
        fail fail fail this function is not going to work
        #endif
        
        int main(void) {
          return accept4 ();
        }
Compiler stdout:
 
Compiler stderr:
 
Checking for function "accept4" : YES 
Running compile:
Working directory:  /home/krijn/opt/ConfZNSplusplus/build/meson-private/tmp11llbru7
Command line:  cc -m64 -mcx16 /home/krijn/opt/ConfZNSplusplus/build/meson-private/tmp11llbru7/testfile.c -o /home/krijn/opt/ConfZNSplusplus/build/meson-private/tmp11llbru7/output.exe -D_FILE_OFFSET_BITS=64 -O0 -std=gnu11 

Code:
 
        #define clock_adjtime meson_disable_define_of_clock_adjtime
        
        #include <limits.h>
        #undef clock_adjtime
        
        #ifdef __cplusplus
        extern "C"
        #endif
        char clock_adjtime (void);
        
        #if defined __stub_clock_adjtime || defined __stub___clock_adjtime
        fail fail fail this function is not going to work
        #endif
        
        int main(void) {
          return clock_adjtime ();
        }
Compiler stdout:
 
Compiler stderr:
 
Checking for function "clock_adjtime" : YES 
Running compile:
Working directory:  /home/krijn/opt/ConfZNSplusplus/build/meson-private/tmp9ycf_25y
Command line:  cc -m64 -mcx16 /home/krijn/opt/ConfZNSplusplus/build/meson-private/tmp9ycf_25y/testfile.c -o /home/krijn/opt/ConfZNSplusplus/build/meson-private/tmp9ycf_25y/output.exe -D_FILE_OFFSET_BITS=64 -O0 -std=gnu11 

Code:
 
        #define dup3 meson_disable_define_of_dup3
        
        #include <limits.h>
        #undef dup3
        
        #ifdef __cplusplus
        extern "C"
        #endif
        char dup3 (void);
        
        #if defined __stub_dup3 || defined __stub___dup3
        fail fail fail this function is not going to work
        #endif
        
        int main(void) {
          return dup3 ();
        }
Compiler stdout:
 
Compiler stderr:
 
Checking for function "dup3" : YES 
Running compile:
Working directory:  /home/krijn/opt/ConfZNSplusplus/build/meson-private/tmpab2hjs3d
Command line:  cc -m64 -mcx16 /home/krijn/opt/ConfZNSplusplus/build/meson-private/tmpab2hjs3d/testfile.c -o /home/krijn/opt/ConfZNSplusplus/build/meson-private/tmpab2hjs3d/output.exe -D_FILE_OFFSET_BITS=64 -O0 -std=gnu11 

Code:
 
        #define fallocate meson_disable_define_of_fallocate
        
        #include <limits.h>
        #undef fallocate
        
        #ifdef __cplusplus
        extern "C"
        #endif
        char fallocate (void);
        
        #if defined __stub_fallocate || defined __stub___fallocate
        fail fail fail this function is not going to work
        #endif
        
        int main(void) {
          return fallocate ();
        }
Compiler stdout:
 
Compiler stderr:
 
Checking for function "fallocate" : YES 
Running compile:
Working directory:  /home/krijn/opt/ConfZNSplusplus/build/meson-private/tmpeem6_uwh
Command line:  cc -m64 -mcx16 /home/krijn/opt/ConfZNSplusplus/build/meson-private/tmpeem6_uwh/testfile.c -o /home/krijn/opt/ConfZNSplusplus/build/meson-private/tmpeem6_uwh/output.exe -D_FILE_OFFSET_BITS=64 -O0 -std=gnu11 

Code:
 
        #define posix_fallocate meson_disable_define_of_posix_fallocate
        
        #include <limits.h>
        #undef posix_fallocate
        
        #ifdef __cplusplus
        extern "C"
        #endif
        char posix_fallocate (void);
        
        #if defined __stub_posix_fallocate || defined __stub___posix_fallocate
        fail fail fail this function is not going to work
        #endif
        
        int main(void) {
          return posix_fallocate ();
        }
Compiler stdout:
 
Compiler stderr:
 
Checking for function "posix_fallocate" : YES 
Running compile:
Working directory:  /home/krijn/opt/ConfZNSplusplus/build/meson-private/tmplq4bibe9
Command line:  cc -m64 -mcx16 /home/krijn/opt/ConfZNSplusplus/build/meson-private/tmplq4bibe9/testfile.c -o /home/krijn/opt/ConfZNSplusplus/build/meson-private/tmplq4bibe9/output.exe -D_FILE_OFFSET_BITS=64 -O0 -std=gnu11 

Code:
 #include <stdlib.h>
#include <limits.h>

        #if defined __stub_posix_memalign || defined __stub___posix_memalign
        fail fail fail this function is not going to work
        #endif
        
int main(void) {
            void *a = (void*) &posix_memalign;
            long long b = (long long) a;
            return (int) b;
        }
Compiler stdout:
 
Compiler stderr:
 
Checking for function "posix_memalign" : YES 
Running compile:
Working directory:  /home/krijn/opt/ConfZNSplusplus/build/meson-private/tmpm4pgkl4a
Command line:  cc -m64 -mcx16 /home/krijn/opt/ConfZNSplusplus/build/meson-private/tmpm4pgkl4a/testfile.c -o /home/krijn/opt/ConfZNSplusplus/build/meson-private/tmpm4pgkl4a/output.exe -D_FILE_OFFSET_BITS=64 -O0 -std=gnu11 

Code:
 
        #define _aligned_malloc meson_disable_define_of__aligned_malloc
        
        #include <limits.h>
        #undef _aligned_malloc
        
        #ifdef __cplusplus
        extern "C"
        #endif
        char _aligned_malloc (void);
        
        #if defined __stub__aligned_malloc || defined __stub____aligned_malloc
        fail fail fail this function is not going to work
        #endif
        
        int main(void) {
          return _aligned_malloc ();
        }
Compiler stdout:
 
Compiler stderr:
 /usr/bin/ld: /tmp/ccprP0WG.o: in function `main':
testfile.c:(.text+0x9): undefined reference to `_aligned_malloc'
collect2: error: ld returned 1 exit status

Running compile:
Working directory:  /home/krijn/opt/ConfZNSplusplus/build/meson-private/tmp6q_2zdkp
Command line:  cc -m64 -mcx16 /home/krijn/opt/ConfZNSplusplus/build/meson-private/tmp6q_2zdkp/testfile.c -o /home/krijn/opt/ConfZNSplusplus/build/meson-private/tmp6q_2zdkp/output.exe -D_FILE_OFFSET_BITS=64 -O0 -std=gnu11 

Code:
 
        int main(void) {

        /* With some toolchains (MSYS2/mingw for example) the compiler
         * provides various builtins which are not really implemented and
         * fall back to the stdlib where they aren't provided and fail at
         * build/link time. In case the user provides a header, including
         * the header didn't lead to the function being defined, and the
         * function we are checking isn't a builtin itself we assume the
         * builtin is not functional and we just error out. */
        #if !1 && !defined(_aligned_malloc) && !0
            #error "No definition for __builtin__aligned_malloc found in the prefix"
        #endif

        #ifdef __has_builtin
            #if !__has_builtin(__builtin__aligned_malloc)
                #error "__builtin__aligned_malloc not found"
            #endif
        #elif ! defined(_aligned_malloc)
            __builtin__aligned_malloc;
        #endif
        return 0;
        }
Compiler stdout:
 
Compiler stderr:
 /home/krijn/opt/ConfZNSplusplus/build/meson-private/tmp6q_2zdkp/testfile.c: In function 'main':
/home/krijn/opt/ConfZNSplusplus/build/meson-private/tmp6q_2zdkp/testfile.c:17:18: error: #error "__builtin__aligned_malloc not found"
   17 |                 #error "__builtin__aligned_malloc not found"
      |                  ^~~~~

Checking for function "_aligned_malloc" : NO 
Running compile:
Working directory:  /home/krijn/opt/ConfZNSplusplus/build/meson-private/tmp_6jwg4q8
Command line:  cc -m64 -mcx16 /home/krijn/opt/ConfZNSplusplus/build/meson-private/tmp_6jwg4q8/testfile.c -o /home/krijn/opt/ConfZNSplusplus/build/meson-private/tmp_6jwg4q8/output.exe -D_FILE_OFFSET_BITS=64 -O0 -std=gnu11 

Code:
 
        #define valloc meson_disable_define_of_valloc
        
        #include <limits.h>
        #undef valloc
        
        #ifdef __cplusplus
        extern "C"
        #endif
        char valloc (void);
        
        #if defined __stub_valloc || defined __stub___valloc
        fail fail fail this function is not going to work
        #endif
        
        int main(void) {
          return valloc ();
        }
Compiler stdout:
 
Compiler stderr:
 
Checking for function "valloc" : YES 
Running compile:
Working directory:  /home/krijn/opt/ConfZNSplusplus/build/meson-private/tmpn5ina7g3
Command line:  cc -m64 -mcx16 /home/krijn/opt/ConfZNSplusplus/build/meson-private/tmpn5ina7g3/testfile.c -o /home/krijn/opt/ConfZNSplusplus/build/meson-private/tmpn5ina7g3/output.exe -D_FILE_OFFSET_BITS=64 -O0 -std=gnu11 

Code:
 
        #define memalign meson_disable_define_of_memalign
        
        #include <limits.h>
        #undef memalign
        
        #ifdef __cplusplus
        extern "C"
        #endif
        char memalign (void);
        
        #if defined __stub_memalign || defined __stub___memalign
        fail fail fail this function is not going to work
        #endif
        
        int main(void) {
          return memalign ();
        }
Compiler stdout:
 
Compiler stderr:
 
Checking for function "memalign" : YES 
Running compile:
Working directory:  /home/krijn/opt/ConfZNSplusplus/build/meson-private/tmpwhs16p0b
Command line:  cc -m64 -mcx16 /home/krijn/opt/ConfZNSplusplus/build/meson-private/tmpwhs16p0b/testfile.c -o /home/krijn/opt/ConfZNSplusplus/build/meson-private/tmpwhs16p0b/output.exe -D_FILE_OFFSET_BITS=64 -O0 -std=gnu11 

Code:
 
        #define ppoll meson_disable_define_of_ppoll
        
        #include <limits.h>
        #undef ppoll
        
        #ifdef __cplusplus
        extern "C"
        #endif
        char ppoll (void);
        
        #if defined __stub_ppoll || defined __stub___ppoll
        fail fail fail this function is not going to work
        #endif
        
        int main(void) {
          return ppoll ();
        }
Compiler stdout:
 
Compiler stderr:
 
Checking for function "ppoll" : YES 
Running compile:
Working directory:  /home/krijn/opt/ConfZNSplusplus/build/meson-private/tmp5enocp7j
Command line:  cc -m64 -mcx16 /home/krijn/opt/ConfZNSplusplus/build/meson-private/tmp5enocp7j/testfile.c -o /home/krijn/opt/ConfZNSplusplus/build/meson-private/tmp5enocp7j/output.exe -D_FILE_OFFSET_BITS=64 -O0 -std=gnu11 

Code:
 #include <sys/uio.h>
#include <limits.h>

        #if defined __stub_preadv || defined __stub___preadv
        fail fail fail this function is not going to work
        #endif
        
int main(void) {
            void *a = (void*) &preadv;
            long long b = (long long) a;
            return (int) b;
        }
Compiler stdout:
 
Compiler stderr:
 
Checking for function "preadv" : YES 
Running compile:
Working directory:  /home/krijn/opt/ConfZNSplusplus/build/meson-private/tmpkxyjtz6c
Command line:  cc -m64 -mcx16 /home/krijn/opt/ConfZNSplusplus/build/meson-private/tmpkxyjtz6c/testfile.c -o /home/krijn/opt/ConfZNSplusplus/build/meson-private/tmpkxyjtz6c/output.exe -D_FILE_OFFSET_BITS=64 -O0 -std=gnu11 

Code:
 
        #define pthread_fchdir_np meson_disable_define_of_pthread_fchdir_np
        
        #include <limits.h>
        #undef pthread_fchdir_np
        
        #ifdef __cplusplus
        extern "C"
        #endif
        char pthread_fchdir_np (void);
        
        #if defined __stub_pthread_fchdir_np || defined __stub___pthread_fchdir_np
        fail fail fail this function is not going to work
        #endif
        
        int main(void) {
          return pthread_fchdir_np ();
        }
Compiler stdout:
 
Compiler stderr:
 /usr/bin/ld: /tmp/ccL59ZY3.o: in function `main':
testfile.c:(.text+0x9): undefined reference to `pthread_fchdir_np'
collect2: error: ld returned 1 exit status

Running compile:
Working directory:  /home/krijn/opt/ConfZNSplusplus/build/meson-private/tmpx73rpuhb
Command line:  cc -m64 -mcx16 /home/krijn/opt/ConfZNSplusplus/build/meson-private/tmpx73rpuhb/testfile.c -o /home/krijn/opt/ConfZNSplusplus/build/meson-private/tmpx73rpuhb/output.exe -D_FILE_OFFSET_BITS=64 -O0 -std=gnu11 

Code:
 
        int main(void) {

        /* With some toolchains (MSYS2/mingw for example) the compiler
         * provides various builtins which are not really implemented and
         * fall back to the stdlib where they aren't provided and fail at
         * build/link time. In case the user provides a header, including
         * the header didn't lead to the function being defined, and the
         * function we are checking isn't a builtin itself we assume the
         * builtin is not functional and we just error out. */
        #if !1 && !defined(pthread_fchdir_np) && !0
            #error "No definition for __builtin_pthread_fchdir_np found in the prefix"
        #endif

        #ifdef __has_builtin
            #if !__has_builtin(__builtin_pthread_fchdir_np)
                #error "__builtin_pthread_fchdir_np not found"
            #endif
        #elif ! defined(pthread_fchdir_np)
            __builtin_pthread_fchdir_np;
        #endif
        return 0;
        }
Compiler stdout:
 
Compiler stderr:
 /home/krijn/opt/ConfZNSplusplus/build/meson-private/tmpx73rpuhb/testfile.c: In function 'main':
/home/krijn/opt/ConfZNSplusplus/build/meson-private/tmpx73rpuhb/testfile.c:17:18: error: #error "__builtin_pthread_fchdir_np not found"
   17 |                 #error "__builtin_pthread_fchdir_np not found"
      |                  ^~~~~

Checking for function "pthread_fchdir_np" : NO 
Running compile:
Working directory:  /home/krijn/opt/ConfZNSplusplus/build/meson-private/tmpjcajj4bj
Command line:  cc -m64 -mcx16 /home/krijn/opt/ConfZNSplusplus/build/meson-private/tmpjcajj4bj/testfile.c -o /home/krijn/opt/ConfZNSplusplus/build/meson-private/tmpjcajj4bj/output.exe -pthread -D_FILE_OFFSET_BITS=64 -O0 -std=gnu11 

Code:
 
        #define sem_timedwait meson_disable_define_of_sem_timedwait
        
        #include <limits.h>
        #undef sem_timedwait
        
        #ifdef __cplusplus
        extern "C"
        #endif
        char sem_timedwait (void);
        
        #if defined __stub_sem_timedwait || defined __stub___sem_timedwait
        fail fail fail this function is not going to work
        #endif
        
        int main(void) {
          return sem_timedwait ();
        }
Compiler stdout:
 
Compiler stderr:
 
Checking for function "sem_timedwait" with dependency threads: YES 
Running compile:
Working directory:  /home/krijn/opt/ConfZNSplusplus/build/meson-private/tmpvqoyzerh
Command line:  cc -m64 -mcx16 /home/krijn/opt/ConfZNSplusplus/build/meson-private/tmpvqoyzerh/testfile.c -o /home/krijn/opt/ConfZNSplusplus/build/meson-private/tmpvqoyzerh/output.exe -D_FILE_OFFSET_BITS=64 -O0 -std=gnu11 

Code:
 
        #define sendfile meson_disable_define_of_sendfile
        
        #include <limits.h>
        #undef sendfile
        
        #ifdef __cplusplus
        extern "C"
        #endif
        char sendfile (void);
        
        #if defined __stub_sendfile || defined __stub___sendfile
        fail fail fail this function is not going to work
        #endif
        
        int main(void) {
          return sendfile ();
        }
Compiler stdout:
 
Compiler stderr:
 
Checking for function "sendfile" : YES 
Running compile:
Working directory:  /home/krijn/opt/ConfZNSplusplus/build/meson-private/tmp66da5rhp
Command line:  cc -m64 -mcx16 /home/krijn/opt/ConfZNSplusplus/build/meson-private/tmp66da5rhp/testfile.c -o /home/krijn/opt/ConfZNSplusplus/build/meson-private/tmp66da5rhp/output.exe -D_FILE_OFFSET_BITS=64 -O0 -std=gnu11 

Code:
 
        #define setns meson_disable_define_of_setns
        
        #include <limits.h>
        #undef setns
        
        #ifdef __cplusplus
        extern "C"
        #endif
        char setns (void);
        
        #if defined __stub_setns || defined __stub___setns
        fail fail fail this function is not going to work
        #endif
        
        int main(void) {
          return setns ();
        }
Compiler stdout:
 
Compiler stderr:
 
Checking for function "setns" : YES 
Running compile:
Working directory:  /home/krijn/opt/ConfZNSplusplus/build/meson-private/tmpbmngizh8
Command line:  cc -m64 -mcx16 /home/krijn/opt/ConfZNSplusplus/build/meson-private/tmpbmngizh8/testfile.c -o /home/krijn/opt/ConfZNSplusplus/build/meson-private/tmpbmngizh8/output.exe -D_FILE_OFFSET_BITS=64 -O0 -std=gnu11 

Code:
 
        #define unshare meson_disable_define_of_unshare
        
        #include <limits.h>
        #undef unshare
        
        #ifdef __cplusplus
        extern "C"
        #endif
        char unshare (void);
        
        #if defined __stub_unshare || defined __stub___unshare
        fail fail fail this function is not going to work
        #endif
        
        int main(void) {
          return unshare ();
        }
Compiler stdout:
 
Compiler stderr:
 
Checking for function "unshare" : YES 
Running compile:
Working directory:  /home/krijn/opt/ConfZNSplusplus/build/meson-private/tmp_liqktfm
Command line:  cc -m64 -mcx16 /home/krijn/opt/ConfZNSplusplus/build/meson-private/tmp_liqktfm/testfile.c -o /home/krijn/opt/ConfZNSplusplus/build/meson-private/tmp_liqktfm/output.exe -D_FILE_OFFSET_BITS=64 -O0 -std=gnu11 

Code:
 
        #define syncfs meson_disable_define_of_syncfs
        
        #include <limits.h>
        #undef syncfs
        
        #ifdef __cplusplus
        extern "C"
        #endif
        char syncfs (void);
        
        #if defined __stub_syncfs || defined __stub___syncfs
        fail fail fail this function is not going to work
        #endif
        
        int main(void) {
          return syncfs ();
        }
Compiler stdout:
 
Compiler stderr:
 
Checking for function "syncfs" : YES 
Running compile:
Working directory:  /home/krijn/opt/ConfZNSplusplus/build/meson-private/tmp2baym9r3
Command line:  cc -m64 -mcx16 /home/krijn/opt/ConfZNSplusplus/build/meson-private/tmp2baym9r3/testfile.c -o /home/krijn/opt/ConfZNSplusplus/build/meson-private/tmp2baym9r3/output.exe -D_FILE_OFFSET_BITS=64 -O0 -std=gnu11 

Code:
 
        #define sync_file_range meson_disable_define_of_sync_file_range
        
        #include <limits.h>
        #undef sync_file_range
        
        #ifdef __cplusplus
        extern "C"
        #endif
        char sync_file_range (void);
        
        #if defined __stub_sync_file_range || defined __stub___sync_file_range
        fail fail fail this function is not going to work
        #endif
        
        int main(void) {
          return sync_file_range ();
        }
Compiler stdout:
 
Compiler stderr:
 
Checking for function "sync_file_range" : YES 
Running compile:
Working directory:  /home/krijn/opt/ConfZNSplusplus/build/meson-private/tmpag0_ii1n
Command line:  cc -m64 -mcx16 /home/krijn/opt/ConfZNSplusplus/build/meson-private/tmpag0_ii1n/testfile.c -o /home/krijn/opt/ConfZNSplusplus/build/meson-private/tmpag0_ii1n/output.exe -D_FILE_OFFSET_BITS=64 -O0 -std=gnu11 

Code:
 
        #define timerfd_create meson_disable_define_of_timerfd_create
        
        #include <limits.h>
        #undef timerfd_create
        
        #ifdef __cplusplus
        extern "C"
        #endif
        char timerfd_create (void);
        
        #if defined __stub_timerfd_create || defined __stub___timerfd_create
        fail fail fail this function is not going to work
        #endif
        
        int main(void) {
          return timerfd_create ();
        }
Compiler stdout:
 
Compiler stderr:
 
Checking for function "timerfd_create" : YES 
Running compile:
Working directory:  /home/krijn/opt/ConfZNSplusplus/build/meson-private/tmpbvbr_qnh
Command line:  cc -m64 -mcx16 /home/krijn/opt/ConfZNSplusplus/build/meson-private/tmpbvbr_qnh/testfile.c -o /home/krijn/opt/ConfZNSplusplus/build/meson-private/tmpbvbr_qnh/output.exe -D_FILE_OFFSET_BITS=64 -O0 -std=gnu11 

Code:
 
        #define copy_file_range meson_disable_define_of_copy_file_range
        
        #include <limits.h>
        #undef copy_file_range
        
        #ifdef __cplusplus
        extern "C"
        #endif
        char copy_file_range (void);
        
        #if defined __stub_copy_file_range || defined __stub___copy_file_range
        fail fail fail this function is not going to work
        #endif
        
        int main(void) {
          return copy_file_range ();
        }
Compiler stdout:
 
Compiler stderr:
 
Checking for function "copy_file_range" : YES 
Running compile:
Working directory:  /home/krijn/opt/ConfZNSplusplus/build/meson-private/tmpbxcmze2o
Command line:  cc -m64 -mcx16 /home/krijn/opt/ConfZNSplusplus/build/meson-private/tmpbxcmze2o/testfile.c -o /home/krijn/opt/ConfZNSplusplus/build/meson-private/tmpbxcmze2o/output.exe -D_FILE_OFFSET_BITS=64 -O0 -std=gnu11 -Wl,--start-group -lutil -Wl,--end-group 

Code:
 
        #define openpty meson_disable_define_of_openpty
        
        #include <limits.h>
        #undef openpty
        
        #ifdef __cplusplus
        extern "C"
        #endif
        char openpty (void);
        
        #if defined __stub_openpty || defined __stub___openpty
        fail fail fail this function is not going to work
        #endif
        
        int main(void) {
          return openpty ();
        }
Compiler stdout:
 
Compiler stderr:
 
Checking for function "openpty" with dependency -lutil: YES 
Running compile:
Working directory:  /home/krijn/opt/ConfZNSplusplus/build/meson-private/tmp8_1t4b2r
Command line:  cc -m64 -mcx16 /home/krijn/opt/ConfZNSplusplus/build/meson-private/tmp8_1t4b2r/testfile.c -o /home/krijn/opt/ConfZNSplusplus/build/meson-private/tmp8_1t4b2r/output.exe -D_FILE_OFFSET_BITS=64 -O0 -std=gnu11 

Code:
 
        #define strchrnul meson_disable_define_of_strchrnul
        
        #include <limits.h>
        #undef strchrnul
        
        #ifdef __cplusplus
        extern "C"
        #endif
        char strchrnul (void);
        
        #if defined __stub_strchrnul || defined __stub___strchrnul
        fail fail fail this function is not going to work
        #endif
        
        int main(void) {
          return strchrnul ();
        }
Compiler stdout:
 
Compiler stderr:
 
Checking for function "strchrnul" : YES 
Running compile:
Working directory:  /home/krijn/opt/ConfZNSplusplus/build/meson-private/tmpl7adchry
Command line:  cc -m64 -mcx16 /home/krijn/opt/ConfZNSplusplus/build/meson-private/tmpl7adchry/testfile.c -o /home/krijn/opt/ConfZNSplusplus/build/meson-private/tmpl7adchry/output.exe -D_FILE_OFFSET_BITS=64 -O0 -std=gnu11 

Code:
 #include <stdlib.h>
#include <limits.h>

        #if defined __stub_system || defined __stub___system
        fail fail fail this function is not going to work
        #endif
        
int main(void) {
            void *a = (void*) &system;
            long long b = (long long) a;
            return (int) b;
        }
Compiler stdout:
 
Compiler stderr:
 
Checking for function "system" : YES 
Running compile:
Working directory:  /home/krijn/opt/ConfZNSplusplus/build/meson-private/tmpv7staexk
Command line:  cc -m64 -mcx16 /home/krijn/opt/ConfZNSplusplus/build/meson-private/tmpv7staexk/testfile.c -o /home/krijn/opt/ConfZNSplusplus/build/meson-private/tmpv7staexk/output.obj -c -D_FILE_OFFSET_BITS=64 -O0 -std=gnu11 

Code:
 
        #include <byteswap.h>
        int main(void) {
            /* If it's not defined as a macro, try to use as a symbol */
            #ifndef bswap_32
                bswap_32;
            #endif
            return 0;
        }
Compiler stdout:
 
Compiler stderr:
 
Header <byteswap.h> has symbol "bswap_32" : YES 
Running compile:
Working directory:  /home/krijn/opt/ConfZNSplusplus/build/meson-private/tmpf5ahcnt1
Command line:  cc -m64 -mcx16 /home/krijn/opt/ConfZNSplusplus/build/meson-private/tmpf5ahcnt1/testfile.c -o /home/krijn/opt/ConfZNSplusplus/build/meson-private/tmpf5ahcnt1/output.obj -c -D_FILE_OFFSET_BITS=64 -O0 -std=gnu11 

Code:
 
        #include <sys/epoll.h>
        int main(void) {
            /* If it's not defined as a macro, try to use as a symbol */
            #ifndef epoll_create1
                epoll_create1;
            #endif
            return 0;
        }
Compiler stdout:
 
Compiler stderr:
 
Header <sys/epoll.h> has symbol "epoll_create1" : YES 
Running compile:
Working directory:  /home/krijn/opt/ConfZNSplusplus/build/meson-private/tmpexc90pcx
Command line:  cc -m64 -mcx16 /home/krijn/opt/ConfZNSplusplus/build/meson-private/tmpexc90pcx/testfile.c -o /home/krijn/opt/ConfZNSplusplus/build/meson-private/tmpexc90pcx/output.obj -c -D_FILE_OFFSET_BITS=64 -O0 -std=gnu11 

Code:
 
  #ifndef _GNU_SOURCE
  #define _GNU_SOURCE
  #endif

        #include <unistd.h>
        int main(void) {
            /* If it's not defined as a macro, try to use as a symbol */
            #ifndef environ
                environ;
            #endif
            return 0;
        }
Compiler stdout:
 
Compiler stderr:
 
Header <unistd.h> has symbol "environ" : YES 
Running compile:
Working directory:  /home/krijn/opt/ConfZNSplusplus/build/meson-private/tmpnlyvhxth
Command line:  cc -m64 -mcx16 /home/krijn/opt/ConfZNSplusplus/build/meson-private/tmpnlyvhxth/testfile.c -o /home/krijn/opt/ConfZNSplusplus/build/meson-private/tmpnlyvhxth/output.obj -c -D_FILE_OFFSET_BITS=64 -O0 -std=gnu11 

Code:
 
        #include <linux/falloc.h>
        int main(void) {
            /* If it's not defined as a macro, try to use as a symbol */
            #ifndef FALLOC_FL_PUNCH_HOLE
                FALLOC_FL_PUNCH_HOLE;
            #endif
            return 0;
        }
Compiler stdout:
 
Compiler stderr:
 
Header <linux/falloc.h> has symbol "FALLOC_FL_PUNCH_HOLE" : YES 
Running compile:
Working directory:  /home/krijn/opt/ConfZNSplusplus/build/meson-private/tmpcvwpmpwa
Command line:  cc -m64 -mcx16 /home/krijn/opt/ConfZNSplusplus/build/meson-private/tmpcvwpmpwa/testfile.c -o /home/krijn/opt/ConfZNSplusplus/build/meson-private/tmpcvwpmpwa/output.obj -c -D_FILE_OFFSET_BITS=64 -O0 -std=gnu11 

Code:
 
        #include <linux/falloc.h>
        int main(void) {
            /* If it's not defined as a macro, try to use as a symbol */
            #ifndef FALLOC_FL_KEEP_SIZE
                FALLOC_FL_KEEP_SIZE;
            #endif
            return 0;
        }
Compiler stdout:
 
Compiler stderr:
 
Header <linux/falloc.h> has symbol "FALLOC_FL_KEEP_SIZE" : YES 
Running compile:
Working directory:  /home/krijn/opt/ConfZNSplusplus/build/meson-private/tmpkiiyyes0
Command line:  cc -m64 -mcx16 /home/krijn/opt/ConfZNSplusplus/build/meson-private/tmpkiiyyes0/testfile.c -o /home/krijn/opt/ConfZNSplusplus/build/meson-private/tmpkiiyyes0/output.obj -c -D_FILE_OFFSET_BITS=64 -O0 -std=gnu11 

Code:
 
        #include <linux/falloc.h>
        int main(void) {
            /* If it's not defined as a macro, try to use as a symbol */
            #ifndef FALLOC_FL_ZERO_RANGE
                FALLOC_FL_ZERO_RANGE;
            #endif
            return 0;
        }
Compiler stdout:
 
Compiler stderr:
 
Header <linux/falloc.h> has symbol "FALLOC_FL_ZERO_RANGE" : YES 
Running compile:
Working directory:  /home/krijn/opt/ConfZNSplusplus/build/meson-private/tmp8d_lmd1c
Command line:  cc -m64 -mcx16 /home/krijn/opt/ConfZNSplusplus/build/meson-private/tmp8d_lmd1c/testfile.c -E -P -D_FILE_OFFSET_BITS=64 -P -O0 -std=gnu11 

Code:
 
        #ifdef __has_include
         #if !__has_include("linux/fiemap.h")
          #error "Header 'linux/fiemap.h' could not be found"
         #endif
        #else
         #include <linux/fiemap.h>
        #endif
Compiler stdout:
 
Compiler stderr:
 
Has header "linux/fiemap.h" : YES 
Running compile:
Working directory:  /home/krijn/opt/ConfZNSplusplus/build/meson-private/tmp4_6yos5v
Command line:  cc -m64 -mcx16 /home/krijn/opt/ConfZNSplusplus/build/meson-private/tmp4_6yos5v/testfile.c -o /home/krijn/opt/ConfZNSplusplus/build/meson-private/tmp4_6yos5v/output.obj -c -D_FILE_OFFSET_BITS=64 -O0 -std=gnu11 

Code:
 
        #include <linux/fs.h>
        int main(void) {
            /* If it's not defined as a macro, try to use as a symbol */
            #ifndef FS_IOC_FIEMAP
                FS_IOC_FIEMAP;
            #endif
            return 0;
        }
Compiler stdout:
 
Compiler stderr:
 
Header <linux/fs.h> has symbol "FS_IOC_FIEMAP" : YES 
Running compile:
Working directory:  /home/krijn/opt/ConfZNSplusplus/build/meson-private/tmp811dda5x
Command line:  cc -m64 -mcx16 /home/krijn/opt/ConfZNSplusplus/build/meson-private/tmp811dda5x/testfile.c -o /home/krijn/opt/ConfZNSplusplus/build/meson-private/tmp811dda5x/output.exe -D_FILE_OFFSET_BITS=64 -O0 -std=gnu11 

Code:
 
        #define getrandom meson_disable_define_of_getrandom
        
        #include <limits.h>
        #undef getrandom
        
        #ifdef __cplusplus
        extern "C"
        #endif
        char getrandom (void);
        
        #if defined __stub_getrandom || defined __stub___getrandom
        fail fail fail this function is not going to work
        #endif
        
        int main(void) {
          return getrandom ();
        }
Compiler stdout:
 
Compiler stderr:
 
Checking for function "getrandom" : YES 
Running compile:
Working directory:  /home/krijn/opt/ConfZNSplusplus/build/meson-private/tmpjuyd00e9
Command line:  cc -m64 -mcx16 /home/krijn/opt/ConfZNSplusplus/build/meson-private/tmpjuyd00e9/testfile.c -o /home/krijn/opt/ConfZNSplusplus/build/meson-private/tmpjuyd00e9/output.obj -c -D_FILE_OFFSET_BITS=64 -O0 -std=gnu11 

Code:
 
        #include <sys/random.h>
        int main(void) {
            /* If it's not defined as a macro, try to use as a symbol */
            #ifndef GRND_NONBLOCK
                GRND_NONBLOCK;
            #endif
            return 0;
        }
Compiler stdout:
 
Compiler stderr:
 
Header <sys/random.h> has symbol "GRND_NONBLOCK" : YES 
Running compile:
Working directory:  /home/krijn/opt/ConfZNSplusplus/build/meson-private/tmp3_bb2v2h
Command line:  cc -m64 -mcx16 /home/krijn/opt/ConfZNSplusplus/build/meson-private/tmp3_bb2v2h/testfile.c -o /home/krijn/opt/ConfZNSplusplus/build/meson-private/tmp3_bb2v2h/output.obj -c -D_FILE_OFFSET_BITS=64 -O0 -std=gnu11 

Code:
 
        #include <sys/inotify.h>
        int main(void) {
            /* If it's not defined as a macro, try to use as a symbol */
            #ifndef inotify_init
                inotify_init;
            #endif
            return 0;
        }
Compiler stdout:
 
Compiler stderr:
 
Header <sys/inotify.h> has symbol "inotify_init" : YES 
Running compile:
Working directory:  /home/krijn/opt/ConfZNSplusplus/build/meson-private/tmpgprnc7xj
Command line:  cc -m64 -mcx16 /home/krijn/opt/ConfZNSplusplus/build/meson-private/tmpgprnc7xj/testfile.c -o /home/krijn/opt/ConfZNSplusplus/build/meson-private/tmpgprnc7xj/output.obj -c -D_FILE_OFFSET_BITS=64 -O0 -std=gnu11 

Code:
 
        #include <sys/inotify.h>
        int main(void) {
            /* If it's not defined as a macro, try to use as a symbol */
            #ifndef inotify_init1
                inotify_init1;
            #endif
            return 0;
        }
Compiler stdout:
 
Compiler stderr:
 
Header <sys/inotify.h> has symbol "inotify_init1" : YES 
Running compile:
Working directory:  /home/krijn/opt/ConfZNSplusplus/build/meson-private/tmps8d16twj
Command line:  cc -m64 -mcx16 /home/krijn/opt/ConfZNSplusplus/build/meson-private/tmps8d16twj/testfile.c -o /home/krijn/opt/ConfZNSplusplus/build/meson-private/tmps8d16twj/output.obj -c -D_FILE_OFFSET_BITS=64 -O0 -std=gnu11 

Code:
 #include <sys/endian.h>
                                                     #include <sys/types.h>
        #include <machine/bswap.h>
        int main(void) {
            /* If it's not defined as a macro, try to use as a symbol */
            #ifndef bswap32
                bswap32;
            #endif
            return 0;
        }
Compiler stdout:
 
Compiler stderr:
 /home/krijn/opt/ConfZNSplusplus/build/meson-private/tmps8d16twj/testfile.c:1:10: fatal error: sys/endian.h: No such file or directory
    1 | #include <sys/endian.h>
      |          ^~~~~~~~~~~~~~
compilation terminated.

Header <machine/bswap.h> has symbol "bswap32" : NO 
Running compile:
Working directory:  /home/krijn/opt/ConfZNSplusplus/build/meson-private/tmpyhnpc62b
Command line:  cc -m64 -mcx16 /home/krijn/opt/ConfZNSplusplus/build/meson-private/tmpyhnpc62b/testfile.c -o /home/krijn/opt/ConfZNSplusplus/build/meson-private/tmpyhnpc62b/output.obj -c -D_FILE_OFFSET_BITS=64 -O0 -std=gnu11 

Code:
 
        #include <sys/prctl.h>
        int main(void) {
            /* If it's not defined as a macro, try to use as a symbol */
            #ifndef PR_SET_TIMERSLACK
                PR_SET_TIMERSLACK;
            #endif
            return 0;
        }
Compiler stdout:
 
Compiler stderr:
 
Header <sys/prctl.h> has symbol "PR_SET_TIMERSLACK" : YES 
Running compile:
Working directory:  /home/krijn/opt/ConfZNSplusplus/build/meson-private/tmpgl5j0gkj
Command line:  cc -m64 -mcx16 /home/krijn/opt/ConfZNSplusplus/build/meson-private/tmpgl5j0gkj/testfile.c -o /home/krijn/opt/ConfZNSplusplus/build/meson-private/tmpgl5j0gkj/output.obj -c -D_FILE_OFFSET_BITS=64 -O0 -std=gnu11 

Code:
 
        #include <linux/rtnetlink.h>
        int main(void) {
            /* If it's not defined as a macro, try to use as a symbol */
            #ifndef IFLA_PROTO_DOWN
                IFLA_PROTO_DOWN;
            #endif
            return 0;
        }
Compiler stdout:
 
Compiler stderr:
 
Header <linux/rtnetlink.h> has symbol "IFLA_PROTO_DOWN" : YES 
Running compile:
Working directory:  /home/krijn/opt/ConfZNSplusplus/build/meson-private/tmpnx0neisz
Command line:  cc -m64 -mcx16 /home/krijn/opt/ConfZNSplusplus/build/meson-private/tmpnx0neisz/testfile.c -o /home/krijn/opt/ConfZNSplusplus/build/meson-private/tmpnx0neisz/output.obj -c -D_FILE_OFFSET_BITS=64 -O0 -std=gnu11 

Code:
 
        #include <sys/sysmacros.h>
        int main(void) {
            /* If it's not defined as a macro, try to use as a symbol */
            #ifndef makedev
                makedev;
            #endif
            return 0;
        }
Compiler stdout:
 
Compiler stderr:
 
Header <sys/sysmacros.h> has symbol "makedev" : YES 
Running compile:
Working directory:  /home/krijn/opt/ConfZNSplusplus/build/meson-private/tmpypm85pi0
Command line:  cc -m64 -mcx16 /home/krijn/opt/ConfZNSplusplus/build/meson-private/tmpypm85pi0/testfile.c -o /home/krijn/opt/ConfZNSplusplus/build/meson-private/tmpypm85pi0/output.obj -c -D_FILE_OFFSET_BITS=64 -O0 -std=gnu11 

Code:
 
        #include <getopt.h>
        int main(void) {
            /* If it's not defined as a macro, try to use as a symbol */
            #ifndef optreset
                optreset;
            #endif
            return 0;
        }
Compiler stdout:
 
Compiler stderr:
 /home/krijn/opt/ConfZNSplusplus/build/meson-private/tmpypm85pi0/testfile.c: In function 'main':
/home/krijn/opt/ConfZNSplusplus/build/meson-private/tmpypm85pi0/testfile.c:6:17: error: 'optreset' undeclared (first use in this function)
    6 |                 optreset;
      |                 ^~~~~~~~
/home/krijn/opt/ConfZNSplusplus/build/meson-private/tmpypm85pi0/testfile.c:6:17: note: each undeclared identifier is reported only once for each function it appears in

Header <getopt.h> has symbol "optreset" : NO 
Running compile:
Working directory:  /home/krijn/opt/ConfZNSplusplus/build/meson-private/tmp9o78tscn
Command line:  cc -m64 -mcx16 /home/krijn/opt/ConfZNSplusplus/build/meson-private/tmp9o78tscn/testfile.c -o /home/krijn/opt/ConfZNSplusplus/build/meson-private/tmp9o78tscn/output.obj -c -D_FILE_OFFSET_BITS=64 -O0 -std=gnu11 

Code:
 
        #include <netinet/in.h>
        int main(void) {
            /* If it's not defined as a macro, try to use as a symbol */
            #ifndef IPPROTO_MPTCP
                IPPROTO_MPTCP;
            #endif
            return 0;
        }
Compiler stdout:
 
Compiler stderr:
 
Header <netinet/in.h> has symbol "IPPROTO_MPTCP" : YES 
Running compile:
Working directory:  /home/krijn/opt/ConfZNSplusplus/build/meson-private/tmpy649bdx_
Command line:  cc -m64 -mcx16 /home/krijn/opt/ConfZNSplusplus/build/meson-private/tmpy649bdx_/testfile.c -o /home/krijn/opt/ConfZNSplusplus/build/meson-private/tmpy649bdx_/output.obj -c -D_FILE_OFFSET_BITS=64 -O0 -std=gnu11 

Code:
 #include <signal.h>
        void bar(void) {
            struct sigevent foo;
            foo.sigev_notify_thread_id;

        }
Compiler stdout:
 
Compiler stderr:
 /home/krijn/opt/ConfZNSplusplus/build/meson-private/tmpy649bdx_/testfile.c: In function 'bar':
/home/krijn/opt/ConfZNSplusplus/build/meson-private/tmpy649bdx_/testfile.c:4:16: error: 'struct sigevent' has no member named 'sigev_notify_thread_id'
    4 |             foo.sigev_notify_thread_id;
      |                ^

Checking whether type "struct sigevent" has member "sigev_notify_thread_id" : NO 
Running compile:
Working directory:  /home/krijn/opt/ConfZNSplusplus/build/meson-private/tmp_7x_k2_s
Command line:  cc -m64 -mcx16 /home/krijn/opt/ConfZNSplusplus/build/meson-private/tmp_7x_k2_s/testfile.c -o /home/krijn/opt/ConfZNSplusplus/build/meson-private/tmp_7x_k2_s/output.obj -c -D_FILE_OFFSET_BITS=64 -O0 -std=gnu11 

Code:
 #include <sys/stat.h>
        void bar(void) {
            struct stat foo;
            foo.st_atim;

        }
Compiler stdout:
 
Compiler stderr:
 
Checking whether type "struct stat" has member "st_atim" : YES 
Running compile:
Working directory:  /home/krijn/opt/ConfZNSplusplus/build/meson-private/tmpk046mbpn
Command line:  cc -m64 -mcx16 /home/krijn/opt/ConfZNSplusplus/build/meson-private/tmpk046mbpn/testfile.c -o /home/krijn/opt/ConfZNSplusplus/build/meson-private/tmpk046mbpn/output.obj -c -D_FILE_OFFSET_BITS=64 -O0 -std=gnu11 

Code:
 #include <sys/uio.h>
        void bar(void) {
            sizeof(struct iovec);
        }
Compiler stdout:
 
Compiler stderr:
 
Checking for type "struct iovec" : YES 
Running compile:
Working directory:  /home/krijn/opt/ConfZNSplusplus/build/meson-private/tmpai0xr68o
Command line:  cc -m64 -mcx16 /home/krijn/opt/ConfZNSplusplus/build/meson-private/tmpai0xr68o/testfile.c -o /home/krijn/opt/ConfZNSplusplus/build/meson-private/tmpai0xr68o/output.obj -c -D_FILE_OFFSET_BITS=64 -O0 -std=gnu11 

Code:
 #include <utmpx.h>
        void bar(void) {
            sizeof(struct utmpx);
        }
Compiler stdout:
 
Compiler stderr:
 
Checking for type "struct utmpx" : YES 
Running compile:
Working directory:  /home/krijn/opt/ConfZNSplusplus/build/meson-private/tmpmrqhsq7m
Command line:  cc -m64 -mcx16 /home/krijn/opt/ConfZNSplusplus/build/meson-private/tmpmrqhsq7m/testfile.c -o /home/krijn/opt/ConfZNSplusplus/build/meson-private/tmpmrqhsq7m/output.exe -D_FILE_OFFSET_BITS=64 -O0 -std=gnu11 

Code:
 
  #include <sys/eventfd.h>
  int main(void) { return eventfd(0, EFD_NONBLOCK | EFD_CLOEXEC); }
Compiler stdout:
 
Compiler stderr:
 
Running compile:
Working directory:  /home/krijn/opt/ConfZNSplusplus/build/meson-private/tmpgkya42j4
Command line:  cc -m64 -mcx16 /home/krijn/opt/ConfZNSplusplus/build/meson-private/tmpgkya42j4/testfile.c -o /home/krijn/opt/ConfZNSplusplus/build/meson-private/tmpgkya42j4/output.exe -D_FILE_OFFSET_BITS=64 -O0 -std=gnu11 

Code:
 
  #ifndef _GNU_SOURCE
  #define _GNU_SOURCE
  #endif

  #include <unistd.h>
  int main(void) {
  #if defined(_POSIX_SYNCHRONIZED_IO) && _POSIX_SYNCHRONIZED_IO > 0
  return fdatasync(0);
  #else
  #error Not supported
  #endif
  }
Compiler stdout:
 
Compiler stderr:
 
Running compile:
Working directory:  /home/krijn/opt/ConfZNSplusplus/build/meson-private/tmpe0bw0i31
Command line:  cc -m64 -mcx16 /home/krijn/opt/ConfZNSplusplus/build/meson-private/tmpe0bw0i31/testfile.c -o /home/krijn/opt/ConfZNSplusplus/build/meson-private/tmpe0bw0i31/output.exe -D_FILE_OFFSET_BITS=64 -O0 -std=gnu11 

Code:
 
  #ifndef _GNU_SOURCE
  #define _GNU_SOURCE
  #endif

  #include <sys/types.h>
  #include <sys/mman.h>
  #include <stddef.h>
  int main(void) { return madvise(NULL, 0, MADV_DONTNEED); }
Compiler stdout:
 
Compiler stderr:
 
Running compile:
Working directory:  /home/krijn/opt/ConfZNSplusplus/build/meson-private/tmprml2bvwi
Command line:  cc -m64 -mcx16 /home/krijn/opt/ConfZNSplusplus/build/meson-private/tmprml2bvwi/testfile.c -o /home/krijn/opt/ConfZNSplusplus/build/meson-private/tmprml2bvwi/output.exe -D_FILE_OFFSET_BITS=64 -O0 -std=gnu11 

Code:
 
  #ifndef _GNU_SOURCE
  #define _GNU_SOURCE
  #endif

    #include <sys/types.h>
    #include <sys/mman.h>
    #include <stddef.h>
    extern int madvise(int);
    int main(void) { return madvise(0); }
Compiler stdout:
 
Compiler stderr:
 /home/krijn/opt/ConfZNSplusplus/build/meson-private/tmprml2bvwi/testfile.c:9:16: error: conflicting types for 'madvise'; have 'int(int)'
    9 |     extern int madvise(int);
      |                ^~~~~~~
In file included from /home/krijn/opt/ConfZNSplusplus/build/meson-private/tmprml2bvwi/testfile.c:7:
/usr/include/x86_64-linux-gnu/sys/mman.h:94:12: note: previous declaration of 'madvise' with type 'int(void *, size_t,  int)' {aka 'int(void *, long unsigned int,  int)'}
   94 | extern int madvise (void *__addr, size_t __len, int __advice) __THROW;
      |            ^~~~~~~

Running compile:
Working directory:  /home/krijn/opt/ConfZNSplusplus/build/meson-private/tmpa952d5j7
Command line:  cc -m64 -mcx16 /home/krijn/opt/ConfZNSplusplus/build/meson-private/tmpa952d5j7/testfile.c -o /home/krijn/opt/ConfZNSplusplus/build/meson-private/tmpa952d5j7/output.exe -D_FILE_OFFSET_BITS=64 -O0 -std=gnu11 

Code:
 
  #ifndef _GNU_SOURCE
  #define _GNU_SOURCE
  #endif

  #include <sys/mman.h>
  int main(void) { return memfd_create("foo", MFD_ALLOW_SEALING); }
Compiler stdout:
 
Compiler stderr:
 
Running compile:
Working directory:  /home/krijn/opt/ConfZNSplusplus/build/meson-private/tmp3u2ecfv8
Command line:  cc -m64 -mcx16 /home/krijn/opt/ConfZNSplusplus/build/meson-private/tmp3u2ecfv8/testfile.c -o /home/krijn/opt/ConfZNSplusplus/build/meson-private/tmp3u2ecfv8/output.exe -D_FILE_OFFSET_BITS=64 -O0 -std=gnu11 

Code:
 
  #ifndef _GNU_SOURCE
  #define _GNU_SOURCE
  #endif

  #include <fcntl.h>
  #if !defined(AT_EMPTY_PATH)
  # error missing definition
  #else
  int main(void) { struct file_handle fh; return open_by_handle_at(0, &fh, 0); }
  #endif
Compiler stdout:
 
Compiler stderr:
 
Running compile:
Working directory:  /home/krijn/opt/ConfZNSplusplus/build/meson-private/tmpgdgfkeiq
Command line:  cc -m64 -mcx16 /home/krijn/opt/ConfZNSplusplus/build/meson-private/tmpgdgfkeiq/testfile.c -o /home/krijn/opt/ConfZNSplusplus/build/meson-private/tmpgdgfkeiq/output.exe -D_FILE_OFFSET_BITS=64 -O0 -std=gnu11 

Code:
 
  #ifndef _GNU_SOURCE
  #define _GNU_SOURCE
  #endif

  #include <unistd.h>
  #include <fcntl.h>

  int main(void)
  {
      int pipefd[2];
      return pipe2(pipefd, O_CLOEXEC);
  }
Compiler stdout:
 
Compiler stderr:
 
Running compile:
Working directory:  /home/krijn/opt/ConfZNSplusplus/build/meson-private/tmp719y6o8o
Command line:  cc -m64 -mcx16 /home/krijn/opt/ConfZNSplusplus/build/meson-private/tmp719y6o8o/testfile.c -o /home/krijn/opt/ConfZNSplusplus/build/meson-private/tmp719y6o8o/output.exe -D_FILE_OFFSET_BITS=64 -O0 -std=gnu11 

Code:
 
  #ifndef _GNU_SOURCE
  #define _GNU_SOURCE
  #endif

  #include <sys/mman.h>
  #include <stddef.h>
  int main(void) { return posix_madvise(NULL, 0, POSIX_MADV_DONTNEED); }
Compiler stdout:
 
Compiler stderr:
 
Running compile:
Working directory:  /home/krijn/opt/ConfZNSplusplus/build/meson-private/tmp8ptokze0
Command line:  cc -m64 -mcx16 /home/krijn/opt/ConfZNSplusplus/build/meson-private/tmp8ptokze0/testfile.c -o /home/krijn/opt/ConfZNSplusplus/build/meson-private/tmp8ptokze0/output.exe -pthread -D_FILE_OFFSET_BITS=64 -O0 -std=gnu11 

Code:
 
  #ifndef _GNU_SOURCE
  #define _GNU_SOURCE
  #endif

  #include <pthread.h>

  static void *f(void *p) { return NULL; }
  int main(void)
  {
    pthread_t thread;
    pthread_create(&thread, 0, f, 0);
    pthread_setname_np(thread, "QEMU");
    return 0;
  }
Compiler stdout:
 
Compiler stderr:
 
Running compile:
Working directory:  /home/krijn/opt/ConfZNSplusplus/build/meson-private/tmp2w9r82fj
Command line:  cc -m64 -mcx16 /home/krijn/opt/ConfZNSplusplus/build/meson-private/tmp2w9r82fj/testfile.c -o /home/krijn/opt/ConfZNSplusplus/build/meson-private/tmp2w9r82fj/output.exe -pthread -D_FILE_OFFSET_BITS=64 -O0 -std=gnu11 

Code:
 
  #ifndef _GNU_SOURCE
  #define _GNU_SOURCE
  #endif

  #include <pthread.h>

  static void *f(void *p) { pthread_setname_np("QEMU"); return NULL; }
  int main(void)
  {
    pthread_t thread;
    pthread_create(&thread, 0, f, 0);
    return 0;
  }
Compiler stdout:
 
Compiler stderr:
 /home/krijn/opt/ConfZNSplusplus/build/meson-private/tmp2w9r82fj/testfile.c: In function 'f':
/home/krijn/opt/ConfZNSplusplus/build/meson-private/tmp2w9r82fj/testfile.c:8:48: warning: passing argument 1 of 'pthread_setname_np' makes integer from pointer without a cast [-Wint-conversion]
    8 |   static void *f(void *p) { pthread_setname_np("QEMU"); return NULL; }
      |                                                ^~~~~~
      |                                                |
      |                                                char *
In file included from /home/krijn/opt/ConfZNSplusplus/build/meson-private/tmp2w9r82fj/testfile.c:6:
/usr/include/pthread.h:463:42: note: expected 'pthread_t' {aka 'long unsigned int'} but argument is of type 'char *'
  463 | extern int pthread_setname_np (pthread_t __target_thread, const char *__name)
      |                                ~~~~~~~~~~^~~~~~~~~~~~~~~
/home/krijn/opt/ConfZNSplusplus/build/meson-private/tmp2w9r82fj/testfile.c:8:29: error: too few arguments to function 'pthread_setname_np'
    8 |   static void *f(void *p) { pthread_setname_np("QEMU"); return NULL; }
      |                             ^~~~~~~~~~~~~~~~~~
In file included from /home/krijn/opt/ConfZNSplusplus/build/meson-private/tmp2w9r82fj/testfile.c:6:
/usr/include/pthread.h:463:12: note: declared here
  463 | extern int pthread_setname_np (pthread_t __target_thread, const char *__name)
      |            ^~~~~~~~~~~~~~~~~~

Running compile:
Working directory:  /home/krijn/opt/ConfZNSplusplus/build/meson-private/tmp8cujdh6_
Command line:  cc -m64 -mcx16 /home/krijn/opt/ConfZNSplusplus/build/meson-private/tmp8cujdh6_/testfile.c -o /home/krijn/opt/ConfZNSplusplus/build/meson-private/tmp8cujdh6_/output.exe -D_FILE_OFFSET_BITS=64 -O0 -std=gnu11 

Code:
 
  #ifndef _GNU_SOURCE
  #define _GNU_SOURCE
  #endif

  #include <sys/signalfd.h>
  #include <stddef.h>
  int main(void) { return signalfd(-1, NULL, SFD_CLOEXEC); }
Compiler stdout:
 
Compiler stderr:
 /home/krijn/opt/ConfZNSplusplus/build/meson-private/tmp8cujdh6_/testfile.c: In function 'main':
/home/krijn/opt/ConfZNSplusplus/build/meson-private/tmp8cujdh6_/testfile.c:8:27: warning: argument 2 null where non-null expected [-Wnonnull]
    8 |   int main(void) { return signalfd(-1, NULL, SFD_CLOEXEC); }
      |                           ^~~~~~~~
In file included from /home/krijn/opt/ConfZNSplusplus/build/meson-private/tmp8cujdh6_/testfile.c:6:
/usr/include/x86_64-linux-gnu/sys/signalfd.h:57:12: note: in a call to function 'signalfd' declared 'nonnull'
   57 | extern int signalfd (int __fd, const sigset_t *__mask, int __flags)
      |            ^~~~~~~~

Running compile:
Working directory:  /home/krijn/opt/ConfZNSplusplus/build/meson-private/tmpppnc66wx
Command line:  cc -m64 -mcx16 /home/krijn/opt/ConfZNSplusplus/build/meson-private/tmpppnc66wx/testfile.c -o /home/krijn/opt/ConfZNSplusplus/build/meson-private/tmpppnc66wx/output.exe -D_FILE_OFFSET_BITS=64 -O0 -std=gnu11 

Code:
 
  #ifndef _GNU_SOURCE
  #define _GNU_SOURCE
  #endif

  #include <unistd.h>
  #include <fcntl.h>
  #include <limits.h>

  int main(void)
  {
    int len, fd = 0;
    len = tee(STDIN_FILENO, STDOUT_FILENO, INT_MAX, SPLICE_F_NONBLOCK);
    splice(STDIN_FILENO, NULL, fd, NULL, len, SPLICE_F_MOVE);
    return 0;
  }
Compiler stdout:
 
Compiler stderr:
 
Running compile:
Working directory:  /home/krijn/opt/ConfZNSplusplus/build/meson-private/tmptwl6x92g
Command line:  cc -m64 -mcx16 /home/krijn/opt/ConfZNSplusplus/build/meson-private/tmptwl6x92g/testfile.c -o /home/krijn/opt/ConfZNSplusplus/build/meson-private/tmptwl6x92g/output.exe -D_FILE_OFFSET_BITS=64 -O0 -std=gnu11 

Code:
 
  #ifndef _GNU_SOURCE
  #define _GNU_SOURCE
  #endif

  #include <sys/mman.h>
  int main(int argc, char *argv[]) {
    return mlockall(MCL_FUTURE);
  }
Compiler stdout:
 
Compiler stderr:
 
Running compile:
Working directory:  /home/krijn/opt/ConfZNSplusplus/build/meson-private/tmpkc3dmudo
Command line:  cc -m64 -mcx16 /home/krijn/opt/ConfZNSplusplus/build/meson-private/tmpkc3dmudo/testfile.c -o /home/krijn/opt/ConfZNSplusplus/build/meson-private/tmpkc3dmudo/output.obj -c -D_FILE_OFFSET_BITS=64 -O0 -std=gnu11 

Code:
 
  #ifndef _GNU_SOURCE
  #define _GNU_SOURCE
  #endif

      #include <sys/socket.h>
      #include <linux/ip.h>
        void bar(void) {
            sizeof(struct mmsghdr);
        }
Compiler stdout:
 
Compiler stderr:
 
Checking for type "struct mmsghdr" : YES 
Running compile:
Working directory:  /home/krijn/opt/ConfZNSplusplus/build/meson-private/tmprifvfrab
Command line:  cc -m64 -mcx16 /home/krijn/opt/ConfZNSplusplus/build/meson-private/tmprifvfrab/testfile.c -o /home/krijn/opt/ConfZNSplusplus/build/meson-private/tmprifvfrab/output.obj -c -D_FILE_OFFSET_BITS=64 -O0 -std=gnu11 

Code:
 
    #include <inttypes.h>
    #include <net/if.h>
    #include <net/netmap.h>
    #include <net/netmap_user.h>
    #if (NETMAP_API < 11) || (NETMAP_API > 15)
    #error
    #endif
    int main(void) { return 0; }
Compiler stdout:
 
Compiler stderr:
 /home/krijn/opt/ConfZNSplusplus/build/meson-private/tmprifvfrab/testfile.c:4:14: fatal error: net/netmap.h: No such file or directory
    4 |     #include <net/netmap.h>
      |              ^~~~~~~~~~~~~~
compilation terminated.

Running compile:
Working directory:  /home/krijn/opt/ConfZNSplusplus/build/meson-private/tmphyua1o_l
Command line:  cc -m64 -mcx16 /home/krijn/opt/ConfZNSplusplus/build/meson-private/tmphyua1o_l/testfile.c -o /home/krijn/opt/ConfZNSplusplus/build/meson-private/tmphyua1o_l/output.exe -D_FILE_OFFSET_BITS=64 -O0 -std=gnu11 

Code:
 
  #include <linux/fs.h>
  struct fsxattr foo;
  int main(void) {
    return 0;
  }
Compiler stdout:
 
Compiler stderr:
 
Running compile:
Working directory:  /home/krijn/opt/ConfZNSplusplus/build/meson-private/tmpe5daye33
Command line:  cc -m64 -mcx16 /home/krijn/opt/ConfZNSplusplus/build/meson-private/tmpe5daye33/testfile.c -o /home/krijn/opt/ConfZNSplusplus/build/meson-private/tmpe5daye33/output.obj -c -D_FILE_OFFSET_BITS=64 -O0 -std=gnu11 -Werror 

Code:
 
    #include <stdint.h>
    #include <stdio.h>
    int main(int argc, char *argv[]) {
        return printf("%zu", SIZE_MAX);
    }
Compiler stdout:
 
Compiler stderr:
 
Running compile:
Working directory:  /home/krijn/opt/ConfZNSplusplus/build/meson-private/tmp_5ztd78i
Command line:  cc -m64 -mcx16 /home/krijn/opt/ConfZNSplusplus/build/meson-private/tmp_5ztd78i/testfile.c -o /home/krijn/opt/ConfZNSplusplus/build/meson-private/tmp_5ztd78i/output.exe -D_FILE_OFFSET_BITS=64 -O0 -std=gnu11 

Code:
 
  #include <stdint.h>
  int main(void)
  {
    uint64_t x = 0, y = 0;
    y = __atomic_load_n(&x, __ATOMIC_RELAXED);
    __atomic_store_n(&x, y, __ATOMIC_RELAXED);
    __atomic_compare_exchange_n(&x, &y, x, 0, __ATOMIC_RELAXED, __ATOMIC_RELAXED);
    __atomic_exchange_n(&x, y, __ATOMIC_RELAXED);
    __atomic_fetch_add(&x, y, __ATOMIC_RELAXED);
    return 0;
  }
Compiler stdout:
 
Compiler stderr:
 
Running compile:
Working directory:  /home/krijn/opt/ConfZNSplusplus/build/meson-private/tmpy1tq9u11
Command line:  cc -m64 -mcx16 /home/krijn/opt/ConfZNSplusplus/build/meson-private/tmpy1tq9u11/testfile.c -o /home/krijn/opt/ConfZNSplusplus/build/meson-private/tmpy1tq9u11/output.exe -D_FILE_OFFSET_BITS=64 -O0 -std=gnu11 

Code:
 
  __int128_t a;
  __uint128_t b;
  int main (void) {
    a = a + b;
    b = a * b;
    a = a * a;
    return 0;
  }
Compiler stdout:
 
Compiler stderr:
 
Running compile:
Working directory:  /home/krijn/opt/ConfZNSplusplus/build/meson-private/tmp0nk79_bw
Command line:  cc -m64 -mcx16 /home/krijn/opt/ConfZNSplusplus/build/meson-private/tmp0nk79_bw/testfile.c -o /home/krijn/opt/ConfZNSplusplus/build/meson-private/tmp0nk79_bw/output.exe -D_FILE_OFFSET_BITS=64 -O0 -std=gnu11 

Code:
 
  #include <stdint.h>
  int main(void)
  {
    unsigned __int128 x = 0, y = 0;
    y = __atomic_load_n(&x, __ATOMIC_RELAXED);
    __atomic_store_n(&x, y, __ATOMIC_RELAXED);
    __atomic_compare_exchange_n(&x, &y, x, 0, __ATOMIC_RELAXED, __ATOMIC_RELAXED);
    __atomic_exchange_n(&x, y, __ATOMIC_RELAXED);
    __atomic_fetch_add(&x, y, __ATOMIC_RELAXED);
    return 0;
  }
Compiler stdout:
 
Compiler stderr:
 /usr/bin/ld: /tmp/ccskqWoS.o: in function `main':
testfile.c:(.text+0x49): undefined reference to `__atomic_load_16'
/usr/bin/ld: testfile.c:(.text+0x73): undefined reference to `__atomic_store_16'
/usr/bin/ld: testfile.c:(.text+0x9a): undefined reference to `__atomic_compare_exchange_16'
/usr/bin/ld: testfile.c:(.text+0xbc): undefined reference to `__atomic_exchange_16'
/usr/bin/ld: testfile.c:(.text+0xde): undefined reference to `__atomic_fetch_add_16'
collect2: error: ld returned 1 exit status

Running compile:
Working directory:  /home/krijn/opt/ConfZNSplusplus/build/meson-private/tmpxd6rye6_
Command line:  cc -m64 -mcx16 /home/krijn/opt/ConfZNSplusplus/build/meson-private/tmpxd6rye6_/testfile.c -o /home/krijn/opt/ConfZNSplusplus/build/meson-private/tmpxd6rye6_/output.exe -D_FILE_OFFSET_BITS=64 -O0 -std=gnu11 

Code:
 
      int main(void)
      {
        unsigned __int128 x = 0, y = 0;
        __sync_val_compare_and_swap_16(&x, y, x);
        return 0;
      }
    
Compiler stdout:
 
Compiler stderr:
 
Running compile:
Working directory:  /home/krijn/opt/ConfZNSplusplus/build/meson-private/tmpk6wmy7o3
Command line:  cc -m64 -mcx16 /home/krijn/opt/ConfZNSplusplus/build/meson-private/tmpk6wmy7o3/testfile.c -o /home/krijn/opt/ConfZNSplusplus/build/meson-private/tmpk6wmy7o3/output.exe -D_FILE_OFFSET_BITS=64 -O0 -std=gnu11 

Code:
 
  #ifndef _GNU_SOURCE
  #define _GNU_SOURCE
  #endif

  #include <sys/auxv.h>
  int main(void) {
    return getauxval(AT_HWCAP) == 0;
  }
Compiler stdout:
 
Compiler stderr:
 
Running compile:
Working directory:  /home/krijn/opt/ConfZNSplusplus/build/meson-private/tmp19rpck2r
Command line:  cc -m64 -mcx16 /home/krijn/opt/ConfZNSplusplus/build/meson-private/tmp19rpck2r/testfile.c -o /home/krijn/opt/ConfZNSplusplus/build/meson-private/tmp19rpck2r/output.exe -D_FILE_OFFSET_BITS=64 -O0 -std=gnu11 

Code:
 
  #include <cpuid.h>
  int main(void) {
    unsigned a, b, c, d;
    unsigned max = __get_cpuid_max(0, 0);

    if (max >= 1) {
        __cpuid(1, a, b, c, d);
    }

    if (max >= 7) {
        __cpuid_count(7, 0, a, b, c, d);
    }

    return 0;
  }
Compiler stdout:
 
Compiler stderr:
 
Running compile:
Working directory:  /home/krijn/opt/ConfZNSplusplus/build/meson-private/tmpwrt0c1rg
Command line:  cc -m64 -mcx16 /home/krijn/opt/ConfZNSplusplus/build/meson-private/tmpwrt0c1rg/testfile.c -o /home/krijn/opt/ConfZNSplusplus/build/meson-private/tmpwrt0c1rg/output.exe -D_FILE_OFFSET_BITS=64 -O0 -std=gnu11 

Code:
 
    #pragma GCC push_options
    #pragma GCC target("avx2")
    #include <cpuid.h>
    #include <immintrin.h>
    static int bar(void *a) {
      __m256i x = *(__m256i *)a;
      return _mm256_testz_si256(x, x);
    }
    int main(int argc, char *argv[]) { return bar(argv[0]); }
  
Compiler stdout:
 
Compiler stderr:
 
Running compile:
Working directory:  /home/krijn/opt/ConfZNSplusplus/build/meson-private/tmpan8wpzxg
Command line:  cc -m64 -mcx16 /home/krijn/opt/ConfZNSplusplus/build/meson-private/tmpan8wpzxg/testfile.c -o /home/krijn/opt/ConfZNSplusplus/build/meson-private/tmpan8wpzxg/output.exe -D_FILE_OFFSET_BITS=64 -O0 -std=gnu11 

Code:
 
    #pragma GCC push_options
    #pragma GCC target("avx512f")
    #include <cpuid.h>
    #include <immintrin.h>
    static int bar(void *a) {
      __m512i x = *(__m512i *)a;
      return _mm512_test_epi64_mask(x, x);
    }
    int main(int argc, char *argv[]) { return bar(argv[0]); }
  
Compiler stdout:
 
Compiler stderr:
 
Running compile:
Working directory:  /home/krijn/opt/ConfZNSplusplus/build/meson-private/tmpm34_0mjv
Command line:  cc -m64 -mcx16 /home/krijn/opt/ConfZNSplusplus/build/meson-private/tmpm34_0mjv/testfile.c -o /home/krijn/opt/ConfZNSplusplus/build/meson-private/tmpm34_0mjv/output.obj -c -D_FILE_OFFSET_BITS=64 -O0 -std=gnu11 

Code:
 
  #ifndef _GNU_SOURCE
  #define _GNU_SOURCE
  #endif

    #include <errno.h>
    #include <sys/types.h>
    #include <sys/socket.h>
    #include <linux/if_alg.h>
    int main(void) {
      int sock;
      sock = socket(AF_ALG, SOCK_SEQPACKET, 0);
      return sock;
    }
  
Compiler stdout:
 
Compiler stderr:
 
Running compile:
Working directory:  /home/krijn/opt/ConfZNSplusplus/build/meson-private/tmp2udy1in8
Command line:  cc -m64 -mcx16 /home/krijn/opt/ConfZNSplusplus/build/meson-private/tmp2udy1in8/testfile.c -o /home/krijn/opt/ConfZNSplusplus/build/meson-private/tmp2udy1in8/output.obj -c -D_FILE_OFFSET_BITS=64 -O0 -std=gnu11 

Code:
 
  #ifndef _GNU_SOURCE
  #define _GNU_SOURCE
  #endif

  #include <errno.h>
  #include <sys/types.h>
  #include <sys/socket.h>
  #if !defined(AF_VSOCK)
  # error missing AF_VSOCK flag
  #endif
  #include <linux/vm_sockets.h>
  int main(void) {
    int sock, ret;
    struct sockaddr_vm svm;
    socklen_t len = sizeof(svm);
    sock = socket(AF_VSOCK, SOCK_STREAM, 0);
    ret = getpeername(sock, (struct sockaddr *)&svm, &len);
    if ((ret == -1) && (errno == ENOTCONN)) {
        return 0;
    }
    return -1;
  }
Compiler stdout:
 
Compiler stderr:
 
Program scripts/minikconf.py found: YES (/usr/bin/python3 /home/krijn/opt/ConfZNSplusplus/scripts/minikconf.py)
Configuring x86_64-softmmu-config-target.h using configuration
Configuring x86_64-softmmu-config-devices.mak with command
Running command: /usr/bin/python3 /home/krijn/opt/ConfZNSplusplus/scripts/minikconf.py --defconfig x86_64-softmmu-config-devices.mak /home/krijn/opt/ConfZNSplusplus/build/meson-private/x86_64-softmmu-config-devices.mak.d /home/krijn/opt/ConfZNSplusplus/configs/devices/x86_64-softmmu/default.mak /home/krijn/opt/ConfZNSplusplus/Kconfig CONFIG_TPM=y CONFIG_IVSHMEM=y CONFIG_OPENGL=y CONFIG_VHOST_USER=y CONFIG_VHOST_VDPA=y CONFIG_VHOST_KERNEL=y CONFIG_VIRTFS=y CONFIG_LINUX=y CONFIG_MULTIPROCESS_ALLOWED=y CONFIG_KVM=y CONFIG_XEN=y CONFIG_TCG=y CONFIG_X86_64=y
--- stdout ---
CONFIG_AC97=y
CONFIG_ACPI=y
CONFIG_ACPI_CPU_HOTPLUG=y
CONFIG_ACPI_ERST=y
CONFIG_ACPI_HMAT=y
CONFIG_ACPI_HW_REDUCED=y
CONFIG_ACPI_MEMORY_HOTPLUG=y
CONFIG_ACPI_NVDIMM=y
CONFIG_ACPI_PCI=y
CONFIG_ACPI_PCIHP=y
CONFIG_ACPI_PIIX4=y
CONFIG_ACPI_SMBUS=y
CONFIG_ACPI_VIOT=y
CONFIG_ACPI_VMGENID=y
CONFIG_ACPI_X86=y
CONFIG_ACPI_X86_ICH=y
CONFIG_ADLIB=y
CONFIG_AHCI=y
CONFIG_AHCI_ICH9=y
CONFIG_AMD_IOMMU=y
CONFIG_APIC=y
CONFIG_APM=y
CONFIG_APPLESMC=y
CONFIG_ATI_VGA=y
CONFIG_BITBANG_I2C=y
CONFIG_BOCHS_DISPLAY=y
CONFIG_CAN_BUS=y
CONFIG_CAN_CTUCANFD=y
CONFIG_CAN_CTUCANFD_PCI=y
CONFIG_CAN_PCI=y
CONFIG_CAN_SJA1000=y
CONFIG_CS4231A=y
CONFIG_DDC=y
CONFIG_DIMM=y
CONFIG_E1000E_PCI_EXPRESS=y
CONFIG_E1000_PCI=y
CONFIG_EDID=y
CONFIG_EDU=y
CONFIG_EEPRO100_PCI=y
CONFIG_ES1370=y
CONFIG_ESP=y
CONFIG_ESP_PCI=y
CONFIG_FDC=y
CONFIG_FDC_ISA=y
CONFIG_FEMU_PCI=y
CONFIG_FSDEV_9P=y
CONFIG_FW_CFG_DMA=y
CONFIG_GENERIC_LOADER=y
CONFIG_GUEST_LOADER=y
CONFIG_GUS=y
CONFIG_HDA=y
CONFIG_HPET=y
CONFIG_HYPERV=y
CONFIG_HYPERV_TESTDEV=y
CONFIG_I2C=y
CONFIG_I440FX=y
CONFIG_I8254=y
CONFIG_I8257=y
CONFIG_I8259=y
CONFIG_I82801B11=y
CONFIG_IDE_CORE=y
CONFIG_IDE_ISA=y
CONFIG_IDE_PCI=y
CONFIG_IDE_PIIX=y
CONFIG_IDE_QDEV=y
CONFIG_IMX_USBPHY=y
CONFIG_IOAPIC=y
CONFIG_IOH3420=y
CONFIG_IPACK=y
CONFIG_IPMI=y
CONFIG_IPMI_EXTERN=y
CONFIG_IPMI_LOCAL=y
CONFIG_IPMI_SSIF=y
CONFIG_ISAPC=y
CONFIG_ISA_BUS=y
CONFIG_ISA_DEBUG=y
CONFIG_ISA_IPMI_BT=y
CONFIG_ISA_IPMI_KCS=y
CONFIG_ISA_TESTDEV=y
CONFIG_IVSHMEM_DEVICE=y
CONFIG_LPC_ICH9=y
CONFIG_LSI_SCSI_PCI=y
CONFIG_MC146818RTC=y
CONFIG_MEGASAS_SCSI_PCI=y
CONFIG_MEM_DEVICE=y
CONFIG_MICROVM=y
CONFIG_MPTSAS_SCSI_PCI=y
CONFIG_MSI_NONBROKEN=y
CONFIG_MULTIPROCESS=y
CONFIG_NE2000_COMMON=y
CONFIG_NE2000_ISA=y
CONFIG_NE2000_PCI=y
CONFIG_NMC93XX_EEPROM=y
CONFIG_NVDIMM=y
CONFIG_NVME_PCI=y
CONFIG_PAM=y
CONFIG_PARALLEL=y
CONFIG_PC=y
CONFIG_PCI=y
CONFIG_PCIE_PORT=y
CONFIG_PCI_DEVICES=y
CONFIG_PCI_EXPRESS=y
CONFIG_PCI_EXPRESS_GENERIC_BRIDGE=y
CONFIG_PCI_EXPRESS_Q35=y
CONFIG_PCI_I440FX=y
CONFIG_PCI_IPMI_BT=y
CONFIG_PCI_IPMI_KCS=y
CONFIG_PCI_TESTDEV=y
CONFIG_PCKBD=y
CONFIG_PCNET_COMMON=y
CONFIG_PCNET_PCI=y
CONFIG_PCSPK=y
CONFIG_PC_ACPI=y
CONFIG_PC_PCI=y
CONFIG_PFLASH_CFI01=y
CONFIG_PIIX3=y
CONFIG_PS2=y
CONFIG_PVPANIC_COMMON=y
CONFIG_PVPANIC_ISA=y
CONFIG_PVPANIC_PCI=y
CONFIG_PXB=y
CONFIG_Q35=y
CONFIG_REMOTE_PCIHOST=y
CONFIG_ROCKER=y
CONFIG_RTL8139_PCI=y
CONFIG_SB16=y
CONFIG_SCSI=y
CONFIG_SD=y
CONFIG_SDHCI=y
CONFIG_SDHCI_PCI=y
CONFIG_SERIAL=y
CONFIG_SERIAL_ISA=y
CONFIG_SERIAL_PCI=y
CONFIG_SERIAL_PCI_MULTI=y
CONFIG_SEV=y
CONFIG_SGA=y
CONFIG_SGX=y
CONFIG_SMBIOS=y
CONFIG_SMBUS=y
CONFIG_SMBUS_EEPROM=y
CONFIG_TEST_DEVICES=y
CONFIG_TPM_BACKEND=y
CONFIG_TPM_CRB=y
CONFIG_TPM_EMULATOR=y
CONFIG_TPM_PASSTHROUGH=y
CONFIG_TPM_TIS=y
CONFIG_TPM_TIS_ISA=y
CONFIG_TULIP=y
CONFIG_USB=y
CONFIG_USB_AUDIO=y
CONFIG_USB_EHCI=y
CONFIG_USB_EHCI_PCI=y
CONFIG_USB_NETWORK=y
CONFIG_USB_OHCI=y
CONFIG_USB_OHCI_PCI=y
CONFIG_USB_SERIAL=y
CONFIG_USB_SMARTCARD=y
CONFIG_USB_STORAGE_BOT=y
CONFIG_USB_STORAGE_CLASSIC=y
CONFIG_USB_STORAGE_CORE=y
CONFIG_USB_STORAGE_MTP=y
CONFIG_USB_STORAGE_UAS=y
CONFIG_USB_TABLET_WACOM=y
CONFIG_USB_U2F=y
CONFIG_USB_UHCI=y
CONFIG_USB_XHCI=y
CONFIG_USB_XHCI_NEC=y
CONFIG_USB_XHCI_PCI=y
CONFIG_USB_XHCI_SYSBUS=y
CONFIG_VFIO=y
CONFIG_VFIO_IGD=y
CONFIG_VFIO_PCI=y
CONFIG_VGA=y
CONFIG_VGA_CIRRUS=y
CONFIG_VGA_ISA=y
CONFIG_VGA_PCI=y
CONFIG_VHOST=y
CONFIG_VHOST_USER_BLK=y
CONFIG_VHOST_USER_GPU=y
CONFIG_VHOST_USER_I2C=y
CONFIG_VHOST_USER_INPUT=y
CONFIG_VHOST_USER_RNG=y
CONFIG_VHOST_USER_SCSI=y
CONFIG_VHOST_USER_VGA=y
CONFIG_VIRTIO=y
CONFIG_VIRTIO_9P=y
CONFIG_VIRTIO_BALLOON=y
CONFIG_VIRTIO_BLK=y
CONFIG_VIRTIO_CRYPTO=y
CONFIG_VIRTIO_GPU=y
CONFIG_VIRTIO_INPUT=y
CONFIG_VIRTIO_INPUT_HOST=y
CONFIG_VIRTIO_IOMMU=y
CONFIG_VIRTIO_MEM=y
CONFIG_VIRTIO_MEM_SUPPORTED=y
CONFIG_VIRTIO_MMIO=y
CONFIG_VIRTIO_NET=y
CONFIG_VIRTIO_PCI=y
CONFIG_VIRTIO_PMEM=y
CONFIG_VIRTIO_PMEM_SUPPORTED=y
CONFIG_VIRTIO_RNG=y
CONFIG_VIRTIO_SCSI=y
CONFIG_VIRTIO_SERIAL=y
CONFIG_VIRTIO_VGA=y
CONFIG_VMBUS=y
CONFIG_VMMOUSE=y
CONFIG_VMPORT=y
CONFIG_VMWARE_VGA=y
CONFIG_VMW_PVSCSI_SCSI_PCI=y
CONFIG_VMXNET3_PCI=y
CONFIG_VTD=y
CONFIG_WDT_IB6300ESB=y
CONFIG_WDT_IB700=y
CONFIG_X86_FW_OVMF=y
CONFIG_X86_IOMMU=y
CONFIG_XEN_IGD_PASSTHROUGH=y
CONFIG_XIO3130=y

--- stderr ---


Reading depfile: /home/krijn/opt/ConfZNSplusplus/build/meson-private/x86_64-softmmu-config-devices.mak.d
Configuring x86_64-softmmu-config-devices.h using configuration
Program scripts/make-config-poison.sh found: YES (/home/krijn/opt/ConfZNSplusplus/scripts/make-config-poison.sh)
Pkg-config binary for 1 is cached.
Determining dependency 'capstone' with pkg-config executable '/usr/bin/pkg-config'
env[PKG_CONFIG_PATH]: 
Called `/usr/bin/pkg-config --modversion capstone` -> 0
4.0.2
env[PKG_CONFIG_PATH]: 
Called `/usr/bin/pkg-config --cflags capstone` -> 0
-I/usr/include/capstone
env[PKG_CONFIG_ALLOW_SYSTEM_LIBS]: 1
env[PKG_CONFIG_PATH]: 
Called `/usr/bin/pkg-config --libs capstone` -> 0
-L/usr/lib/x86_64-linux-gnu -lcapstone
env[PKG_CONFIG_PATH]: 
Called `/usr/bin/pkg-config --libs capstone` -> 0
-lcapstone
Run-time dependency capstone found: YES 4.0.2
Running compile:
Working directory:  /home/krijn/opt/ConfZNSplusplus/build/meson-private/tmpybgwgrnw
Command line:  cc -m64 -mcx16 -I/usr/include/capstone /home/krijn/opt/ConfZNSplusplus/build/meson-private/tmpybgwgrnw/testfile.c -o /home/krijn/opt/ConfZNSplusplus/build/meson-private/tmpybgwgrnw/output.obj -c -D_FILE_OFFSET_BITS=64 -O0 -std=gnu11 

Code:
 #include <capstone.h>
Compiler stdout:
 
Compiler stderr:
 
Pkg-config binary for 1 is cached.
Determining dependency 'slirp' with pkg-config executable '/usr/bin/pkg-config'
env[PKG_CONFIG_PATH]: 
Called `/usr/bin/pkg-config --modversion slirp` -> 0
4.6.1
env[PKG_CONFIG_PATH]: 
Called `/usr/bin/pkg-config --cflags slirp` -> 0
-I/usr/include/slirp -I/usr/include/glib-2.0 -I/usr/lib/x86_64-linux-gnu/glib-2.0/include
env[PKG_CONFIG_ALLOW_SYSTEM_LIBS]: 1
env[PKG_CONFIG_PATH]: 
Called `/usr/bin/pkg-config --libs slirp` -> 0
-L/usr/lib/x86_64-linux-gnu -lslirp -lglib-2.0
env[PKG_CONFIG_PATH]: 
Called `/usr/bin/pkg-config --libs slirp` -> 0
-lslirp -lglib-2.0
Run-time dependency slirp found: YES 4.6.1
Running compile:
Working directory:  /home/krijn/opt/ConfZNSplusplus/build/meson-private/tmpm8fi2j8s
Command line:  cc -m64 -mcx16 /home/krijn/opt/ConfZNSplusplus/build/meson-private/tmpm8fi2j8s/testfile.c -o /home/krijn/opt/ConfZNSplusplus/build/meson-private/tmpm8fi2j8s/output.exe -D_FILE_OFFSET_BITS=64 -O0 -Wl,--start-group -lfdt -Wl,--end-group -Wl,--allow-shlib-undefined 

Code:
 int main(void) { return 0; }

Compiler stdout:
 
Compiler stderr:
 
Library fdt found: YES
Running compile:
Working directory:  /home/krijn/opt/ConfZNSplusplus/build/meson-private/tmp8qf5be5h
Command line:  cc -m64 -mcx16 /home/krijn/opt/ConfZNSplusplus/build/meson-private/tmp8qf5be5h/testfile.c -o /home/krijn/opt/ConfZNSplusplus/build/meson-private/tmp8qf5be5h/output.exe -D_FILE_OFFSET_BITS=64 -O0 -std=gnu11 -Wl,--start-group -lfdt -Wl,--end-group 

Code:
 
       #include <libfdt.h>
       #include <libfdt_env.h>
       int main(void) { fdt_find_max_phandle(NULL, NULL); return 0; }
Compiler stdout:
 
Compiler stderr:
 
Configuring config-host.h using configuration
Program scripts/hxtool found: YES (/home/krijn/opt/ConfZNSplusplus/scripts/hxtool)
Program scripts/shaderinclude.pl found: YES (/usr/bin/env perl /home/krijn/opt/ConfZNSplusplus/scripts/shaderinclude.pl)
Program scripts/qapi-gen.py found: YES (/usr/bin/python3 /home/krijn/opt/ConfZNSplusplus/scripts/qapi-gen.py)
Program scripts/qemu-version.sh found: YES (/home/krijn/opt/ConfZNSplusplus/scripts/qemu-version.sh)

Executing subproject libvhost-user 

Project name: libvhost-user
Project version: undefined
C compiler for the host machine: cc -m64 -mcx16 (gcc 11.4.0 "cc (Ubuntu 11.4.0-1ubuntu1~22.04) 11.4.0")
C linker for the host machine: cc -m64 -mcx16 ld.bfd 2.38
C compiler for the build machine: cc -m64 -mcx16 (gcc 11.4.0 "cc (Ubuntu 11.4.0-1ubuntu1~22.04) 11.4.0")
C linker for the build machine: cc -m64 -mcx16 ld.bfd 2.38
Dependency threads found: YES unknown (cached)
Dependency glib-2.0 found: YES 2.72.4 (overridden)
Build targets in project: 9
Subproject libvhost-user finished.

Program scripts/decodetree.py found: YES (/usr/bin/python3 /home/krijn/opt/ConfZNSplusplus/scripts/decodetree.py)
Program ../scripts/modules/module_block.py found: YES (/usr/bin/python3 /home/krijn/opt/ConfZNSplusplus/block/../scripts/modules/module_block.py)
Program ../scripts/block-coroutine-wrapper.py found: YES (/usr/bin/python3 /home/krijn/opt/ConfZNSplusplus/block/../scripts/block-coroutine-wrapper.py)
Program scripts/modinfo-collect.py found: YES (/home/krijn/opt/ConfZNSplusplus/scripts/modinfo-collect.py)
Program scripts/modinfo-generate.py found: YES (/home/krijn/opt/ConfZNSplusplus/scripts/modinfo-generate.py)
Program nm found: YES
Program scripts/undefsym.py found: YES (/usr/bin/python3 /home/krijn/opt/ConfZNSplusplus/scripts/undefsym.py)
Program scripts/feature_to_c.sh found: YES (/bin/sh /home/krijn/opt/ConfZNSplusplus/scripts/feature_to_c.sh)
Configuring 50-edk2-i386-secure.json using configuration
Configuring 50-edk2-x86_64-secure.json using configuration
Configuring 60-edk2-aarch64.json using configuration
Configuring 60-edk2-arm.json using configuration
Configuring 60-edk2-i386.json using configuration
Configuring 60-edk2-x86_64.json using configuration
Program qemu-keymap found: NO
Program cp found: YES (/usr/bin/cp)
Program sphinx-build-3 sphinx-build found: NO
Program python3 found: YES (/usr/bin/python3)
Adding benchmark "benchmark-crypto-hash"
Adding benchmark "benchmark-crypto-hmac"
Adding benchmark "benchmark-crypto-cipher"
Adding test "qemu-iotests qcow2"
Adding test "qemu-iotests raw"
Adding test "qemu-iotests qed"
Adding test "qemu-iotests vmdk"
Adding test "qemu-iotests vpc"
Adding test "decodetree"
Adding test "fp-test-float-to-float"
Adding test "fp-test-int-to-float"
Adding test "fp-test-uint-to-float"
Adding test "fp-test-float-to-int"
Adding test "fp-test-float-to-uint"
Adding test "fp-test-round-to-integer"
Adding test "fp-test-eq_signaling"
Adding test "fp-test-le"
Adding test "fp-test-le_quiet"
Adding test "fp-test-lt_quiet"
Adding test "fp-test-add"
Adding test "fp-test-sub"
Adding test "fp-test-mul"
Adding test "fp-test-div"
Adding test "fp-test-rem"
Adding test "fp-test-sqrt"
Adding test "fp-test-mulAdd"
Adding test "fp-test-log2"
Adding test "check-block-qdict"
Adding test "check-qdict"
Adding test "check-qnum"
Adding test "check-qstring"
Adding test "check-qlist"
Adding test "check-qnull"
Adding test "check-qobject"
Adding test "check-qjson"
Adding test "check-qlit"
Adding test "test-qobject-output-visitor"
Adding test "test-clone-visitor"
Adding test "test-qobject-input-visitor"
Adding test "test-forward-visitor"
Adding test "test-string-input-visitor"
Adding test "test-string-output-visitor"
Adding test "test-opts-visitor"
Adding test "test-visitor-serialization"
Adding test "test-bitmap"
Adding test "test-x86-cpuid"
Adding test "test-cutils"
Adding test "test-div128"
Adding test "test-shift128"
Adding test "test-mul64"
Adding test "test-int128"
Adding test "rcutorture"
Adding test "test-rcu-list"
Adding test "test-rcu-simpleq"
Adding test "test-rcu-tailq"
Adding test "test-rcu-slist"
Adding test "test-qdist"
Adding test "test-qht"
Adding test "test-bitops"
Adding test "test-bitcnt"
Adding test "test-qgraph"
Adding test "check-qom-interface"
Adding test "check-qom-proplist"
Adding test "test-qemu-opts"
Adding test "test-keyval"
Adding test "test-logging"
Adding test "test-uuid"
Adding test "ptimer-test"
Adding test "test-qapi-util"
Adding test "test-smp-parse"
Adding test "test-qmp-event"
Adding test "test-coroutine"
Adding test "test-aio"
Adding test "test-aio-multithread"
Adding test "test-throttle"
Adding test "test-thread-pool"
Adding test "test-hbitmap"
Adding test "test-bdrv-drain"
Adding test "test-bdrv-graph-mod"
Adding test "test-blockjob"
Adding test "test-blockjob-txn"
Adding test "test-block-backend"
Adding test "test-block-iothread"
Adding test "test-write-threshold"
Adding test "test-crypto-hash"
Adding test "test-crypto-hmac"
Adding test "test-crypto-cipher"
Adding test "test-crypto-secret"
Adding test "test-authz-simple"
Adding test "test-authz-list"
Adding test "test-authz-listfile"
Adding test "test-io-task"
Adding test "test-io-channel-socket"
Adding test "test-io-channel-file"
Adding test "test-io-channel-command"
Adding test "test-io-channel-buffer"
Adding test "test-crypto-ivgen"
Adding test "test-crypto-afsplit"
Adding test "test-crypto-block"
Adding test "test-crypto-tlscredsx509"
Adding test "test-crypto-tlssession"
Adding test "test-io-channel-tls"
Adding test "test-image-locking"
Adding test "test-replication"
Adding test "test-fdmon-epoll"
Adding test "test-iov"
Adding test "test-qmp-cmds"
Adding test "test-xbzrle"
Adding test "test-timed-average"
Adding test "test-util-sockets"
Adding test "test-base64"
Adding test "test-bufferiszero"
Adding test "test-vmstate"
Adding test "test-yank"
Adding test "test-util-filemonitor"
Adding test "test-char"
Adding test "test-qdev-global-props"
Adding test "test-qga"
Adding test "QAPI schema regression tests"
Program diff found: YES (/usr/bin/diff)
Program dbus-daemon found: YES (/usr/bin/dbus-daemon)
Adding test "qtest-x86_64/pxe-test"
Adding test "qtest-x86_64/test-netfilter"
Adding test "qtest-x86_64/test-filter-mirror"
Adding test "qtest-x86_64/ahci-test"
Adding test "qtest-x86_64/endianness-test"
Adding test "qtest-x86_64/boot-serial-test"
Adding test "qtest-x86_64/ipmi-kcs-test"
Adding test "qtest-x86_64/ipmi-bt-test"
Adding test "qtest-x86_64/wdt_ib700-test"
Adding test "qtest-x86_64/pvpanic-test"
Adding test "qtest-x86_64/pvpanic-pci-test"
Adding test "qtest-x86_64/intel-hda-test"
Adding test "qtest-x86_64/i82801b11-test"
Adding test "qtest-x86_64/ioh3420-test"
Adding test "qtest-x86_64/lpc-ich9-test"
Adding test "qtest-x86_64/usb-hcd-uhci-test"
Adding test "qtest-x86_64/usb-hcd-ehci-test"
Adding test "qtest-x86_64/usb-hcd-xhci-test"
Adding test "qtest-x86_64/tpm-crb-test"
Adding test "qtest-x86_64/tpm-crb-swtpm-test"
Adding test "qtest-x86_64/tpm-tis-test"
Adding test "qtest-x86_64/tpm-tis-swtpm-test"
Adding test "qtest-x86_64/rtl8139-test"
Adding test "qtest-x86_64/fuzz-e1000e-test"
Adding test "qtest-x86_64/am53c974-test"
Adding test "qtest-x86_64/erst-test"
Adding test "qtest-x86_64/virtio-net-failover"
Adding test "qtest-x86_64/bios-tables-test"
Adding test "qtest-x86_64/display-vga-test"
Adding test "qtest-x86_64/ivshmem-test"
Adding test "qtest-x86_64/fdc-test"
Adding test "qtest-x86_64/ide-test"
Adding test "qtest-x86_64/hd-geo-test"
Adding test "qtest-x86_64/boot-order-test"
Adding test "qtest-x86_64/rtc-test"
Adding test "qtest-x86_64/i440fx-test"
Adding test "qtest-x86_64/fw_cfg-test"
Adding test "qtest-x86_64/device-plug-test"
Adding test "qtest-x86_64/drive_del-test"
Adding test "qtest-x86_64/tco-test"
Adding test "qtest-x86_64/cpu-plug-test"
Adding test "qtest-x86_64/q35-test"
Adding test "qtest-x86_64/vmgenid-test"
Adding test "qtest-x86_64/migration-test"
Adding test "qtest-x86_64/test-x86-cpuid-compat"
Adding test "qtest-x86_64/numa-test"
Adding test "qtest-x86_64/test-filter-redirector"
Adding test "qtest-x86_64/fuzz-megasas-test"
Adding test "qtest-x86_64/fuzz-lsi53c895a-test"
Adding test "qtest-x86_64/fuzz-virtio-scsi-test"
Adding test "qtest-x86_64/fuzz-sb16-test"
Adding test "qtest-x86_64/fuzz-sdcard-test"
Adding test "qtest-x86_64/cdrom-test"
Adding test "qtest-x86_64/device-introspect-test"
Adding test "qtest-x86_64/machine-none-test"
Adding test "qtest-x86_64/qmp-test"
Adding test "qtest-x86_64/qmp-cmd-test"
Adding test "qtest-x86_64/qom-test"
Adding test "qtest-x86_64/test-hmp"
Adding test "qtest-x86_64/qos-test"
Program initrd-stress.sh found: YES (/home/krijn/opt/ConfZNSplusplus/tests/migration/initrd-stress.sh)
Build targets in project: 544

qemu 7.0.0

  Directories
    Install prefix               : /usr/local
    BIOS directory               : share/qemu
    firmware path                : /usr/local/share/qemu-firmware
    binary directory             : bin
    library directory            : lib
    module directory             : lib/qemu
    libexec directory            : libexec
    include directory            : include
    config directory             : /usr/local/etc
    local state directory        : /usr/local/var
    Manual directory             : share/man
    Doc directory                : /usr/local/share/doc
    Build directory              : /home/krijn/opt/ConfZNSplusplus/build
    Source path                  : /home/krijn/opt/ConfZNSplusplus
    GIT submodules               : ui/keycodemapdb tests/fp/berkeley-testfloat-3 tests/fp/berkeley-softfloat-3 dtc capstone slirp

  Host binaries
    git                          : git
    make                         : make
    python                       : /usr/bin/python3 (version: 3.10)
    sphinx-build                 : NO
    gdb                          : /usr/bin/gdb
    iasl                         : NO
    genisoimage                  : 
    smbd                         : /usr/sbin/smbd

  Configurable features
    Documentation                : NO
    system-mode emulation        : YES
    user-mode emulation          : NO
    block layer                  : YES
    Install blobs                : YES
    module support               : NO
    fuzzing support              : NO
    Audio drivers                : oss
    Trace backends               : log
    D-Bus display                : NO
    QOM debugging                : NO
    vhost-kernel support         : YES
    vhost-net support            : YES
    vhost-crypto support         : YES
    vhost-scsi support           : YES
    vhost-vsock support          : YES
    vhost-user support           : YES
    vhost-user-blk server support: YES
    vhost-user-fs support        : YES
    vhost-vdpa support           : YES
    build guest agent            : YES

  Compilation
    host CPU                     : x86_64
    host endianness              : little
    C compiler                   : cc -m64 -mcx16
    Host C compiler              : cc -m64 -mcx16
    C++ compiler                 : c++ -m64 -mcx16
    CFLAGS                       : -O2 -g
    CXXFLAGS                     : -O2 -g
    QEMU_CFLAGS                  : -U_FORTIFY_SOURCE -D_FORTIFY_SOURCE=2 -D_GNU_SOURCE -D_FILE_OFFSET_BITS=64 -D_LARGEFILE_SOURCE -Wstrict-prototypes -Wredundant-decls -Wundef -Wwrite-strings -Wmissing-prototypes -fno-strict-aliasing -fno-common -fwrapv -Wold-style-declaration -Wold-style-definition -Wtype-limits -Wformat-security -Wformat-y2k -Winit-self -Wignored-qualifiers -Wempty-body -Wnested-externs -Wendif-labels -Wexpansion-to-defined -Wimplicit-fallthrough=2 -Wno-missing-include-dirs -Wno-shift-negative-value -Wno-psabi -fstack-protector-strong
    QEMU_CXXFLAGS                : -D__STDC_LIMIT_MACROS -D__STDC_CONSTANT_MACROS -D__STDC_FORMAT_MACROS -U_FORTIFY_SOURCE -D_FORTIFY_SOURCE=2 -D_GNU_SOURCE -D_FILE_OFFSET_BITS=64 -D_LARGEFILE_SOURCE -Wundef -Wwrite-strings -fno-strict-aliasing -fno-common -fwrapv -Wtype-limits -Wformat-security -Wformat-y2k -Winit-self -Wignored-qualifiers -Wempty-body -Wendif-labels -Wexpansion-to-defined -Wimplicit-fallthrough=2 -Wno-missing-include-dirs -Wno-shift-negative-value -Wno-psabi -fstack-protector-strong
    QEMU_OBJCFLAGS               : 
    QEMU_LDFLAGS                 : -Wl,--warn-common -Wl,-z,relro -Wl,-z,now  -fstack-protector-strong
    profiler                     : NO
    link-time optimization (LTO) : NO
    PIE                          : YES
    static build                 : NO
    malloc trim support          : YES
    membarrier                   : NO
    debug stack usage            : NO
    mutex debugging              : NO
    memory allocator             : system
    avx2 optimization            : YES
    avx512f optimization         : NO
    gprof enabled                : NO
    gcov                         : NO
    thread sanitizer             : NO
    CFI support                  : NO
    strip binaries               : NO
    sparse                       : NO
    mingw32 support              : NO
    x86_64 tests                 : cc

  Targets and accelerators
    KVM support                  : YES
    HAX support                  : NO
    HVF support                  : NO
    WHPX support                 : NO
    NVMM support                 : NO
    Xen support                  : YES
    xen ctrl version             : 41600
    TCG support                  : YES
    TCG backend                  : native (x86_64)
    TCG plugins                  : YES
    TCG debug enabled            : NO
    target list                  : x86_64-softmmu
    default devices              : YES
    out of process emulation     : YES

  Block layer support
    coroutine backend            : ucontext
    coroutine pool               : YES
    Block whitelist (rw)         : 
    Block whitelist (ro)         : 
    Use block whitelist in tools : NO
    VirtFS support               : YES
    build virtiofs daemon        : NO
    Live block migration         : YES
    replication support          : YES
    bochs support                : YES
    cloop support                : YES
    dmg support                  : YES
    qcow v1 support              : YES
    vdi support                  : YES
    vvfat support                : YES
    qed support                  : YES
    parallels support            : YES
    FUSE exports                 : NO

  Crypto
    TLS priority                 : "NORMAL"
    GNUTLS support               : [1;32mYES[0m [1;36m3.7.3[0m
      GNUTLS crypto              : YES
    libgcrypt                    : NO
    nettle                       : NO
    AF_ALG support               : NO
    rng-none                     : NO
    Linux keyring                : YES

  Dependencies
    SDL support                  : NO
    SDL image support            : NO
    GTK support                  : NO
    pixman                       : [1;32mYES[0m [1;36m0.40.0[0m
    VTE support                  : NO
    slirp support                : [1;32mYES[0m [1;36m4.6.1[0m
    libtasn1                     : [1;32mYES[0m [1;36m4.18.0[0m
    PAM                          : NO
    iconv support                : YES
    curses support               : YES
    virgl support                : NO
    curl support                 : [1;32mYES[0m [1;36m7.81.0[0m
    Multipath support            : YES
    VNC support                  : YES
    VNC SASL support             : NO
    VNC JPEG support             : [1;32mYES[0m [1;36m2.1.2[0m
    VNC PNG support              : [1;32mYES[0m [1;36m1.6.37[0m
    OSS support                  : YES
    ALSA support                 : NO
    PulseAudio support           : NO
    JACK support                 : NO
    brlapi support               : YES
    vde support                  : YES
    netmap support               : NO
    l2tpv3 support               : YES
    Linux AIO support            : YES
    Linux io_uring support       : [1;32mYES[0m [1;36m2.5[0m
    ATTR/XATTR support           : YES
    RDMA support                 : NO
    PVRDMA support               : NO
    fdt support                  : system
    libcap-ng support            : YES
    bpf support                  : NO
    spice protocol support       : NO
    rbd support                  : YES
    smartcard support            : NO
    U2F support                  : NO
    libusb                       : NO
    usb net redir                : NO
    OpenGL support               : YES
    GBM                          : NO
    libiscsi support             : [1;32mYES[0m [1;36m1.19.0[0m
    libnfs support               : [1;32mYES[0m [1;36m4.0.0[0m
    seccomp support              : NO
    GlusterFS support            : NO
    TPM support                  : YES
    libssh support               : NO
    lzo support                  : YES
    snappy support               : YES
    bzip2 support                : YES
    lzfse support                : NO
    zstd support                 : [1;32mYES[0m [1;36m1.4.8[0m
    NUMA host support            : YES
    capstone                     : [1;32mYES[0m [1;36m4.0.2[0m
    libpmem support              : NO
    libdaxctl support            : NO
    libudev                      : [1;32mYES[0m [1;36m249[0m
    FUSE lseek                   : NO
    selinux                      : [1;32mYES[0m [1;36m3.3[0m

  Subprojects
    libvhost-user                : YES

  User defined options
    Native files                 : config-meson.cross
    bindir                       : /usr/local/bin
    datadir                      : /usr/local/share
    debug                        : true
    includedir                   : /usr/local/include
    libdir                       : /usr/local/lib
    libexecdir                   : /usr/local/libexec
    localedir                    : /usr/local/share/locale
    localstatedir                : /usr/local/var
    mandir                       : /usr/local/share/man
    optimization                 : 2
    prefix                       : /usr/local
    sysconfdir                   : /usr/local/etc
    werror                       : false
    b_coverage                   : false
    b_lto                        : false
    b_pie                        : true
    audio_drv_list               : default
    capstone                     : auto
    cfi                          : false
    default_devices              : true
    docdir                       : /usr/local/share/doc
    fdt                          : auto
    gtk                          : disabled
    iasl                         : 
    kvm                          : enabled
    linux_aio                    : enabled
    qemu_firmwarepath            : /usr/local/share/qemu-firmware
    qemu_suffix                  : qemu
    slirp                        : auto
    smbd                         : 
    sphinx_build                 : 
    tcg                          : enabled
    trace_backends               : log
    trace_file                   : trace
    xen                          : enabled

Found ninja-1.11.1.git.kitware.jobserver-1 at /usr/local/bin/ninja
Running compile:
Working directory:  /home/krijn/opt/ConfZNSplusplus/build/meson-private/tmp5wxiivsx
Command line:  cc -m64 -mcx16 /home/krijn/opt/ConfZNSplusplus/build/meson-private/tmp5wxiivsx/testfile.c -o /home/krijn/opt/ConfZNSplusplus/build/meson-private/tmp5wxiivsx/output.obj -c -D_FILE_OFFSET_BITS=64 -O0 --print-search-dirs 

Code:
 
Compiler stdout:
 install: /usr/lib/gcc/x86_64-linux-gnu/11/
programs: =/usr/lib/gcc/x86_64-linux-gnu/11/:/usr/lib/gcc/x86_64-linux-gnu/11/:/usr/lib/gcc/x86_64-linux-gnu/:/usr/lib/gcc/x86_64-linux-gnu/11/:/usr/lib/gcc/x86_64-linux-gnu/:/usr/lib/gcc/x86_64-linux-gnu/11/../../../../x86_64-linux-gnu/bin/x86_64-linux-gnu/11/:/usr/lib/gcc/x86_64-linux-gnu/11/../../../../x86_64-linux-gnu/bin/x86_64-linux-gnu/:/usr/lib/gcc/x86_64-linux-gnu/11/../../../../x86_64-linux-gnu/bin/
libraries: =/usr/lib/gcc/x86_64-linux-gnu/11/:/usr/lib/gcc/x86_64-linux-gnu/11/../../../../x86_64-linux-gnu/lib/x86_64-linux-gnu/11/:/usr/lib/gcc/x86_64-linux-gnu/11/../../../../x86_64-linux-gnu/lib/x86_64-linux-gnu/:/usr/lib/gcc/x86_64-linux-gnu/11/../../../../x86_64-linux-gnu/lib/../lib/:/usr/lib/gcc/x86_64-linux-gnu/11/../../../x86_64-linux-gnu/11/:/usr/lib/gcc/x86_64-linux-gnu/11/../../../x86_64-linux-gnu/:/usr/lib/gcc/x86_64-linux-gnu/11/../../../../lib/:/lib/x86_64-linux-gnu/11/:/lib/x86_64-linux-gnu/:/lib/../lib/:/usr/lib/x86_64-linux-gnu/11/:/usr/lib/x86_64-linux-gnu/:/usr/lib/../lib/:/usr/lib/gcc/x86_64-linux-gnu/11/../../../../x86_64-linux-gnu/lib/:/usr/lib/gcc/x86_64-linux-gnu/11/../../../:/lib/:/usr/lib/

Compiler stderr:
 
Running compile:
Working directory:  /home/krijn/opt/ConfZNSplusplus/build/meson-private/tmpmhn8i1kw
Command line:  cc -m64 -mcx16 /home/krijn/opt/ConfZNSplusplus/build/meson-private/tmpmhn8i1kw/testfile.c -o /home/krijn/opt/ConfZNSplusplus/build/meson-private/tmpmhn8i1kw/output.obj -c -D_FILE_OFFSET_BITS=64 -O0 --print-search-dirs 

Code:
 
Compiler stdout:
 install: /usr/lib/gcc/x86_64-linux-gnu/11/
programs: =/usr/lib/gcc/x86_64-linux-gnu/11/:/usr/lib/gcc/x86_64-linux-gnu/11/:/usr/lib/gcc/x86_64-linux-gnu/:/usr/lib/gcc/x86_64-linux-gnu/11/:/usr/lib/gcc/x86_64-linux-gnu/:/usr/lib/gcc/x86_64-linux-gnu/11/../../../../x86_64-linux-gnu/bin/x86_64-linux-gnu/11/:/usr/lib/gcc/x86_64-linux-gnu/11/../../../../x86_64-linux-gnu/bin/x86_64-linux-gnu/:/usr/lib/gcc/x86_64-linux-gnu/11/../../../../x86_64-linux-gnu/bin/
libraries: =/usr/lib/gcc/x86_64-linux-gnu/11/:/usr/lib/gcc/x86_64-linux-gnu/11/../../../../x86_64-linux-gnu/lib/x86_64-linux-gnu/11/:/usr/lib/gcc/x86_64-linux-gnu/11/../../../../x86_64-linux-gnu/lib/x86_64-linux-gnu/:/usr/lib/gcc/x86_64-linux-gnu/11/../../../../x86_64-linux-gnu/lib/../lib/:/usr/lib/gcc/x86_64-linux-gnu/11/../../../x86_64-linux-gnu/11/:/usr/lib/gcc/x86_64-linux-gnu/11/../../../x86_64-linux-gnu/:/usr/lib/gcc/x86_64-linux-gnu/11/../../../../lib/:/lib/x86_64-linux-gnu/11/:/lib/x86_64-linux-gnu/:/lib/../lib/:/usr/lib/x86_64-linux-gnu/11/:/usr/lib/x86_64-linux-gnu/:/usr/lib/../lib/:/usr/lib/gcc/x86_64-linux-gnu/11/../../../../x86_64-linux-gnu/lib/:/usr/lib/gcc/x86_64-linux-gnu/11/../../../:/lib/:/usr/lib/

Compiler stderr:
 
Failed to guess install tag for /usr/local/share/icons/hicolor/16x16/apps/qemu.png
Failed to guess install tag for /usr/local/share/icons/hicolor/24x24/apps/qemu.png
Failed to guess install tag for /usr/local/share/icons/hicolor/32x32/apps/qemu.png
Failed to guess install tag for /usr/local/share/icons/hicolor/48x48/apps/qemu.png
Failed to guess install tag for /usr/local/share/icons/hicolor/64x64/apps/qemu.png
Failed to guess install tag for /usr/local/share/icons/hicolor/128x128/apps/qemu.png
Failed to guess install tag for /usr/local/share/icons/hicolor/256x256/apps/qemu.png
Failed to guess install tag for /usr/local/share/icons/hicolor/512x512/apps/qemu.png
Failed to guess install tag for /usr/local/share/icons/hicolor/32x32/apps/qemu.bmp
Failed to guess install tag for /usr/local/share/icons/hicolor/scalable/apps/qemu.svg
Failed to guess install tag for /usr/local/share/applications/qemu.desktop
Failed to guess install tag for /usr/local/share/qemu/bios.bin
Failed to guess install tag for /usr/local/share/qemu/bios-256k.bin
Failed to guess install tag for /usr/local/share/qemu/bios-microvm.bin
Failed to guess install tag for /usr/local/share/qemu/qboot.rom
Failed to guess install tag for /usr/local/share/qemu/sgabios.bin
Failed to guess install tag for /usr/local/share/qemu/vgabios.bin
Failed to guess install tag for /usr/local/share/qemu/vgabios-cirrus.bin
Failed to guess install tag for /usr/local/share/qemu/vgabios-stdvga.bin
Failed to guess install tag for /usr/local/share/qemu/vgabios-vmware.bin
Failed to guess install tag for /usr/local/share/qemu/vgabios-qxl.bin
Failed to guess install tag for /usr/local/share/qemu/vgabios-virtio.bin
Failed to guess install tag for /usr/local/share/qemu/vgabios-ramfb.bin
Failed to guess install tag for /usr/local/share/qemu/vgabios-bochs-display.bin
Failed to guess install tag for /usr/local/share/qemu/vgabios-ati.bin
Failed to guess install tag for /usr/local/share/qemu/openbios-sparc32
Failed to guess install tag for /usr/local/share/qemu/openbios-sparc64
Failed to guess install tag for /usr/local/share/qemu/openbios-ppc
Failed to guess install tag for /usr/local/share/qemu/QEMU,tcx.bin
Failed to guess install tag for /usr/local/share/qemu/QEMU,cgthree.bin
Failed to guess install tag for /usr/local/share/qemu/pxe-e1000.rom
Failed to guess install tag for /usr/local/share/qemu/pxe-eepro100.rom
Failed to guess install tag for /usr/local/share/qemu/pxe-ne2k_pci.rom
Failed to guess install tag for /usr/local/share/qemu/pxe-pcnet.rom
Failed to guess install tag for /usr/local/share/qemu/pxe-rtl8139.rom
Failed to guess install tag for /usr/local/share/qemu/pxe-virtio.rom
Failed to guess install tag for /usr/local/share/qemu/efi-e1000.rom
Failed to guess install tag for /usr/local/share/qemu/efi-eepro100.rom
Failed to guess install tag for /usr/local/share/qemu/efi-ne2k_pci.rom
Failed to guess install tag for /usr/local/share/qemu/efi-pcnet.rom
Failed to guess install tag for /usr/local/share/qemu/efi-rtl8139.rom
Failed to guess install tag for /usr/local/share/qemu/efi-virtio.rom
Failed to guess install tag for /usr/local/share/qemu/efi-e1000e.rom
Failed to guess install tag for /usr/local/share/qemu/efi-vmxnet3.rom
Failed to guess install tag for /usr/local/share/qemu/qemu-nsis.bmp
Failed to guess install tag for /usr/local/share/qemu/bamboo.dtb
Failed to guess install tag for /usr/local/share/qemu/canyonlands.dtb
Failed to guess install tag for /usr/local/share/qemu/petalogix-s3adsp1800.dtb
Failed to guess install tag for /usr/local/share/qemu/petalogix-ml605.dtb
Failed to guess install tag for /usr/local/share/qemu/multiboot.bin
Failed to guess install tag for /usr/local/share/qemu/multiboot_dma.bin
Failed to guess install tag for /usr/local/share/qemu/linuxboot.bin
Failed to guess install tag for /usr/local/share/qemu/linuxboot_dma.bin
Failed to guess install tag for /usr/local/share/qemu/kvmvapic.bin
Failed to guess install tag for /usr/local/share/qemu/pvh.bin
Failed to guess install tag for /usr/local/share/qemu/s390-ccw.img
Failed to guess install tag for /usr/local/share/qemu/s390-netboot.img
Failed to guess install tag for /usr/local/share/qemu/slof.bin
Failed to guess install tag for /usr/local/share/qemu/skiboot.lid
Failed to guess install tag for /usr/local/share/qemu/palcode-clipper
Failed to guess install tag for /usr/local/share/qemu/u-boot.e500
Failed to guess install tag for /usr/local/share/qemu/u-boot-sam460-20100605.bin
Failed to guess install tag for /usr/local/share/qemu/qemu_vga.ndrv
Failed to guess install tag for /usr/local/share/qemu/edk2-licenses.txt
Failed to guess install tag for /usr/local/share/qemu/hppa-firmware.img
Failed to guess install tag for /usr/local/share/qemu/opensbi-riscv32-generic-fw_dynamic.bin
Failed to guess install tag for /usr/local/share/qemu/opensbi-riscv64-generic-fw_dynamic.bin
Failed to guess install tag for /usr/local/share/qemu/npcm7xx_bootrom.bin
Failed to guess install tag for /usr/local/share/qemu/vof.bin
Failed to guess install tag for /usr/local/share/qemu/vof-nvram.bin
Failed to guess install tag for /usr/local/share/qemu/firmware/50-edk2-i386-secure.json
Failed to guess install tag for /usr/local/share/qemu/firmware/50-edk2-x86_64-secure.json
Failed to guess install tag for /usr/local/share/qemu/firmware/60-edk2-aarch64.json
Failed to guess install tag for /usr/local/share/qemu/firmware/60-edk2-arm.json
Failed to guess install tag for /usr/local/share/qemu/firmware/60-edk2-i386.json
Failed to guess install tag for /usr/local/share/qemu/firmware/60-edk2-x86_64.json
Failed to guess install tag for /usr/local/share/qemu/keymaps/sl
Failed to guess install tag for /usr/local/share/qemu/keymaps/sv
Command line for building ['libcommon.fa'] is long, using a response file
Failed to guess install tag for /usr/local/share/icons/hicolor/16x16/apps/qemu.png
Failed to guess install tag for /usr/local/share/icons/hicolor/24x24/apps/qemu.png
Failed to guess install tag for /usr/local/share/icons/hicolor/32x32/apps/qemu.png
Failed to guess install tag for /usr/local/share/icons/hicolor/48x48/apps/qemu.png
Failed to guess install tag for /usr/local/share/icons/hicolor/64x64/apps/qemu.png
Failed to guess install tag for /usr/local/share/icons/hicolor/128x128/apps/qemu.png
Failed to guess install tag for /usr/local/share/icons/hicolor/256x256/apps/qemu.png
Failed to guess install tag for /usr/local/share/icons/hicolor/512x512/apps/qemu.png
Failed to guess install tag for /usr/local/share/icons/hicolor/32x32/apps/qemu.bmp
Failed to guess install tag for /usr/local/share/icons/hicolor/scalable/apps/qemu.svg
Failed to guess install tag for /usr/local/share/applications/qemu.desktop
Failed to guess install tag for /usr/local/share/qemu/bios.bin
Failed to guess install tag for /usr/local/share/qemu/bios-256k.bin
Failed to guess install tag for /usr/local/share/qemu/bios-microvm.bin
Failed to guess install tag for /usr/local/share/qemu/qboot.rom
Failed to guess install tag for /usr/local/share/qemu/sgabios.bin
Failed to guess install tag for /usr/local/share/qemu/vgabios.bin
Failed to guess install tag for /usr/local/share/qemu/vgabios-cirrus.bin
Failed to guess install tag for /usr/local/share/qemu/vgabios-stdvga.bin
Failed to guess install tag for /usr/local/share/qemu/vgabios-vmware.bin
Failed to guess install tag for /usr/local/share/qemu/vgabios-qxl.bin
Failed to guess install tag for /usr/local/share/qemu/vgabios-virtio.bin
Failed to guess install tag for /usr/local/share/qemu/vgabios-ramfb.bin
Failed to guess install tag for /usr/local/share/qemu/vgabios-bochs-display.bin
Failed to guess install tag for /usr/local/share/qemu/vgabios-ati.bin
Failed to guess install tag for /usr/local/share/qemu/openbios-sparc32
Failed to guess install tag for /usr/local/share/qemu/openbios-sparc64
Failed to guess install tag for /usr/local/share/qemu/openbios-ppc
Failed to guess install tag for /usr/local/share/qemu/QEMU,tcx.bin
Failed to guess install tag for /usr/local/share/qemu/QEMU,cgthree.bin
Failed to guess install tag for /usr/local/share/qemu/pxe-e1000.rom
Failed to guess install tag for /usr/local/share/qemu/pxe-eepro100.rom
Failed to guess install tag for /usr/local/share/qemu/pxe-ne2k_pci.rom
Failed to guess install tag for /usr/local/share/qemu/pxe-pcnet.rom
Failed to guess install tag for /usr/local/share/qemu/pxe-rtl8139.rom
Failed to guess install tag for /usr/local/share/qemu/pxe-virtio.rom
Failed to guess install tag for /usr/local/share/qemu/efi-e1000.rom
Failed to guess install tag for /usr/local/share/qemu/efi-eepro100.rom
Failed to guess install tag for /usr/local/share/qemu/efi-ne2k_pci.rom
Failed to guess install tag for /usr/local/share/qemu/efi-pcnet.rom
Failed to guess install tag for /usr/local/share/qemu/efi-rtl8139.rom
Failed to guess install tag for /usr/local/share/qemu/efi-virtio.rom
Failed to guess install tag for /usr/local/share/qemu/efi-e1000e.rom
Failed to guess install tag for /usr/local/share/qemu/efi-vmxnet3.rom
Failed to guess install tag for /usr/local/share/qemu/qemu-nsis.bmp
Failed to guess install tag for /usr/local/share/qemu/bamboo.dtb
Failed to guess install tag for /usr/local/share/qemu/canyonlands.dtb
Failed to guess install tag for /usr/local/share/qemu/petalogix-s3adsp1800.dtb
Failed to guess install tag for /usr/local/share/qemu/petalogix-ml605.dtb
Failed to guess install tag for /usr/local/share/qemu/multiboot.bin
Failed to guess install tag for /usr/local/share/qemu/multiboot_dma.bin
Failed to guess install tag for /usr/local/share/qemu/linuxboot.bin
Failed to guess install tag for /usr/local/share/qemu/linuxboot_dma.bin
Failed to guess install tag for /usr/local/share/qemu/kvmvapic.bin
Failed to guess install tag for /usr/local/share/qemu/pvh.bin
Failed to guess install tag for /usr/local/share/qemu/s390-ccw.img
Failed to guess install tag for /usr/local/share/qemu/s390-netboot.img
Failed to guess install tag for /usr/local/share/qemu/slof.bin
Failed to guess install tag for /usr/local/share/qemu/skiboot.lid
Failed to guess install tag for /usr/local/share/qemu/palcode-clipper
Failed to guess install tag for /usr/local/share/qemu/u-boot.e500
Failed to guess install tag for /usr/local/share/qemu/u-boot-sam460-20100605.bin
Failed to guess install tag for /usr/local/share/qemu/qemu_vga.ndrv
Failed to guess install tag for /usr/local/share/qemu/edk2-licenses.txt
Failed to guess install tag for /usr/local/share/qemu/hppa-firmware.img
Failed to guess install tag for /usr/local/share/qemu/opensbi-riscv32-generic-fw_dynamic.bin
Failed to guess install tag for /usr/local/share/qemu/opensbi-riscv64-generic-fw_dynamic.bin
Failed to guess install tag for /usr/local/share/qemu/npcm7xx_bootrom.bin
Failed to guess install tag for /usr/local/share/qemu/vof.bin
Failed to guess install tag for /usr/local/share/qemu/vof-nvram.bin
Failed to guess install tag for /usr/local/share/qemu/firmware/50-edk2-i386-secure.json
Failed to guess install tag for /usr/local/share/qemu/firmware/50-edk2-x86_64-secure.json
Failed to guess install tag for /usr/local/share/qemu/firmware/60-edk2-aarch64.json
Failed to guess install tag for /usr/local/share/qemu/firmware/60-edk2-arm.json
Failed to guess install tag for /usr/local/share/qemu/firmware/60-edk2-i386.json
Failed to guess install tag for /usr/local/share/qemu/firmware/60-edk2-x86_64.json
Failed to guess install tag for /usr/local/share/qemu/keymaps/sl
Failed to guess install tag for /usr/local/share/qemu/keymaps/sv
